2025-06-04T12:26:48: No SUPABASE_DB_PASSWORD provided, using in-memory storage
2025-06-04T12:26:48: Error: listen EADDRINUSE: address already in use 0.0.0.0:5000
2025-06-04T12:26:48:     at Server.setupListenHandle [as _listen2] (node:net:1908:16)
2025-06-04T12:26:48:     at listenInCluster (node:net:1965:12)
2025-06-04T12:26:48:     at doListen (node:net:2139:7)
2025-06-04T12:26:48:     at process.processTicksAndRejections (node:internal/process/task_queues:83:21) {
2025-06-04T12:26:48:   code: 'EADDRINUSE',
2025-06-04T12:26:48:   errno: -48,
2025-06-04T12:26:48:   syscall: 'listen',
2025-06-04T12:26:48:   address: '0.0.0.0',
2025-06-04T12:26:48:   port: 5000
2025-06-04T12:26:48: }
2025-06-04T12:26:48: No SUPABASE_DB_PASSWORD provided, using in-memory storage
2025-06-04T12:26:48: Error: listen EADDRINUSE: address already in use 0.0.0.0:5000
2025-06-04T12:26:48:     at Server.setupListenHandle [as _listen2] (node:net:1908:16)
2025-06-04T12:26:48:     at listenInCluster (node:net:1965:12)
2025-06-04T12:26:48:     at doListen (node:net:2139:7)
2025-06-04T12:26:48:     at process.processTicksAndRejections (node:internal/process/task_queues:83:21) {
2025-06-04T12:26:48:   code: 'EADDRINUSE',
2025-06-04T12:26:48:   errno: -48,
2025-06-04T12:26:48:   syscall: 'listen',
2025-06-04T12:26:48:   address: '0.0.0.0',
2025-06-04T12:26:48:   port: 5000
2025-06-04T12:26:48: }
2025-06-04T12:26:48: No SUPABASE_DB_PASSWORD provided, using in-memory storage
2025-06-04T12:26:48: Error: listen EADDRINUSE: address already in use 0.0.0.0:5000
2025-06-04T12:26:48:     at Server.setupListenHandle [as _listen2] (node:net:1908:16)
2025-06-04T12:26:48:     at listenInCluster (node:net:1965:12)
2025-06-04T12:26:48:     at doListen (node:net:2139:7)
2025-06-04T12:26:48:     at process.processTicksAndRejections (node:internal/process/task_queues:83:21) {
2025-06-04T12:26:48:   code: 'EADDRINUSE',
2025-06-04T12:26:48:   errno: -48,
2025-06-04T12:26:48:   syscall: 'listen',
2025-06-04T12:26:48:   address: '0.0.0.0',
2025-06-04T12:26:48:   port: 5000
2025-06-04T12:26:48: }
2025-06-04T12:26:48: No SUPABASE_DB_PASSWORD provided, using in-memory storage
2025-06-04T12:26:48: Error: listen EADDRINUSE: address already in use 0.0.0.0:5000
2025-06-04T12:26:48:     at Server.setupListenHandle [as _listen2] (node:net:1908:16)
2025-06-04T12:26:48:     at listenInCluster (node:net:1965:12)
2025-06-04T12:26:48:     at doListen (node:net:2139:7)
2025-06-04T12:26:48:     at process.processTicksAndRejections (node:internal/process/task_queues:83:21) {
2025-06-04T12:26:48:   code: 'EADDRINUSE',
2025-06-04T12:26:48:   errno: -48,
2025-06-04T12:26:48:   syscall: 'listen',
2025-06-04T12:26:48:   address: '0.0.0.0',
2025-06-04T12:26:48:   port: 5000
2025-06-04T12:26:48: }
2025-06-04T12:26:48: No SUPABASE_DB_PASSWORD provided, using in-memory storage
2025-06-04T12:26:48: Error: listen EADDRINUSE: address already in use 0.0.0.0:5000
2025-06-04T12:26:48:     at Server.setupListenHandle [as _listen2] (node:net:1908:16)
2025-06-04T12:26:48:     at listenInCluster (node:net:1965:12)
2025-06-04T12:26:48:     at doListen (node:net:2139:7)
2025-06-04T12:26:48:     at process.processTicksAndRejections (node:internal/process/task_queues:83:21) {
2025-06-04T12:26:48:   code: 'EADDRINUSE',
2025-06-04T12:26:48:   errno: -48,
2025-06-04T12:26:48:   syscall: 'listen',
2025-06-04T12:26:48:   address: '0.0.0.0',
2025-06-04T12:26:48:   port: 5000
2025-06-04T12:26:48: }
2025-06-04T12:26:48: No SUPABASE_DB_PASSWORD provided, using in-memory storage
2025-06-04T12:26:48: Error: listen EADDRINUSE: address already in use 0.0.0.0:5000
2025-06-04T12:26:48:     at Server.setupListenHandle [as _listen2] (node:net:1908:16)
2025-06-04T12:26:48:     at listenInCluster (node:net:1965:12)
2025-06-04T12:26:48:     at doListen (node:net:2139:7)
2025-06-04T12:26:48:     at process.processTicksAndRejections (node:internal/process/task_queues:83:21) {
2025-06-04T12:26:48:   code: 'EADDRINUSE',
2025-06-04T12:26:48:   errno: -48,
2025-06-04T12:26:48:   syscall: 'listen',
2025-06-04T12:26:48:   address: '0.0.0.0',
2025-06-04T12:26:48:   port: 5000
2025-06-04T12:26:48: }
2025-06-04T12:26:49: No SUPABASE_DB_PASSWORD provided, using in-memory storage
2025-06-04T12:26:49: Error: listen EADDRINUSE: address already in use 0.0.0.0:5000
2025-06-04T12:26:49:     at Server.setupListenHandle [as _listen2] (node:net:1908:16)
2025-06-04T12:26:49:     at listenInCluster (node:net:1965:12)
2025-06-04T12:26:49:     at doListen (node:net:2139:7)
2025-06-04T12:26:49:     at process.processTicksAndRejections (node:internal/process/task_queues:83:21) {
2025-06-04T12:26:49:   code: 'EADDRINUSE',
2025-06-04T12:26:49:   errno: -48,
2025-06-04T12:26:49:   syscall: 'listen',
2025-06-04T12:26:49:   address: '0.0.0.0',
2025-06-04T12:26:49:   port: 5000
2025-06-04T12:26:49: }
2025-06-04T12:26:49: No SUPABASE_DB_PASSWORD provided, using in-memory storage
2025-06-04T12:26:49: Error: listen EADDRINUSE: address already in use 0.0.0.0:5000
2025-06-04T12:26:49:     at Server.setupListenHandle [as _listen2] (node:net:1908:16)
2025-06-04T12:26:49:     at listenInCluster (node:net:1965:12)
2025-06-04T12:26:49:     at doListen (node:net:2139:7)
2025-06-04T12:26:49:     at process.processTicksAndRejections (node:internal/process/task_queues:83:21) {
2025-06-04T12:26:49:   code: 'EADDRINUSE',
2025-06-04T12:26:49:   errno: -48,
2025-06-04T12:26:49:   syscall: 'listen',
2025-06-04T12:26:49:   address: '0.0.0.0',
2025-06-04T12:26:49:   port: 5000
2025-06-04T12:26:49: }
2025-06-04T12:26:49: No SUPABASE_DB_PASSWORD provided, using in-memory storage
2025-06-04T12:26:49: Error: listen EADDRINUSE: address already in use 0.0.0.0:5000
2025-06-04T12:26:49:     at Server.setupListenHandle [as _listen2] (node:net:1908:16)
2025-06-04T12:26:49:     at listenInCluster (node:net:1965:12)
2025-06-04T12:26:49:     at doListen (node:net:2139:7)
2025-06-04T12:26:49:     at process.processTicksAndRejections (node:internal/process/task_queues:83:21) {
2025-06-04T12:26:49:   code: 'EADDRINUSE',
2025-06-04T12:26:49:   errno: -48,
2025-06-04T12:26:49:   syscall: 'listen',
2025-06-04T12:26:49:   address: '0.0.0.0',
2025-06-04T12:26:49:   port: 5000
2025-06-04T12:26:49: }
2025-06-04T12:26:49: No SUPABASE_DB_PASSWORD provided, using in-memory storage
2025-06-04T12:26:49: Error: listen EADDRINUSE: address already in use 0.0.0.0:5000
2025-06-04T12:26:49:     at Server.setupListenHandle [as _listen2] (node:net:1908:16)
2025-06-04T12:26:49:     at listenInCluster (node:net:1965:12)
2025-06-04T12:26:49:     at doListen (node:net:2139:7)
2025-06-04T12:26:49:     at process.processTicksAndRejections (node:internal/process/task_queues:83:21) {
2025-06-04T12:26:49:   code: 'EADDRINUSE',
2025-06-04T12:26:49:   errno: -48,
2025-06-04T12:26:49:   syscall: 'listen',
2025-06-04T12:26:49:   address: '0.0.0.0',
2025-06-04T12:26:49:   port: 5000
2025-06-04T12:26:49: }
2025-06-04T12:26:49: No SUPABASE_DB_PASSWORD provided, using in-memory storage
2025-06-04T12:26:49: Error: listen EADDRINUSE: address already in use 0.0.0.0:5000
2025-06-04T12:26:49:     at Server.setupListenHandle [as _listen2] (node:net:1908:16)
2025-06-04T12:26:49:     at listenInCluster (node:net:1965:12)
2025-06-04T12:26:49:     at doListen (node:net:2139:7)
2025-06-04T12:26:49:     at process.processTicksAndRejections (node:internal/process/task_queues:83:21) {
2025-06-04T12:26:49:   code: 'EADDRINUSE',
2025-06-04T12:26:49:   errno: -48,
2025-06-04T12:26:49:   syscall: 'listen',
2025-06-04T12:26:49:   address: '0.0.0.0',
2025-06-04T12:26:49:   port: 5000
2025-06-04T12:26:49: }
2025-06-04T12:26:49: No SUPABASE_DB_PASSWORD provided, using in-memory storage
2025-06-04T12:26:49: Error: listen EADDRINUSE: address already in use 0.0.0.0:5000
2025-06-04T12:26:49:     at Server.setupListenHandle [as _listen2] (node:net:1908:16)
2025-06-04T12:26:49:     at listenInCluster (node:net:1965:12)
2025-06-04T12:26:49:     at doListen (node:net:2139:7)
2025-06-04T12:26:49:     at process.processTicksAndRejections (node:internal/process/task_queues:83:21) {
2025-06-04T12:26:49:   code: 'EADDRINUSE',
2025-06-04T12:26:49:   errno: -48,
2025-06-04T12:26:49:   syscall: 'listen',
2025-06-04T12:26:49:   address: '0.0.0.0',
2025-06-04T12:26:49:   port: 5000
2025-06-04T12:26:49: }
2025-06-04T12:26:49: No SUPABASE_DB_PASSWORD provided, using in-memory storage
2025-06-04T12:26:49: Error: listen EADDRINUSE: address already in use 0.0.0.0:5000
2025-06-04T12:26:49:     at Server.setupListenHandle [as _listen2] (node:net:1908:16)
2025-06-04T12:26:49:     at listenInCluster (node:net:1965:12)
2025-06-04T12:26:49:     at doListen (node:net:2139:7)
2025-06-04T12:26:49:     at process.processTicksAndRejections (node:internal/process/task_queues:83:21) {
2025-06-04T12:26:49:   code: 'EADDRINUSE',
2025-06-04T12:26:49:   errno: -48,
2025-06-04T12:26:49:   syscall: 'listen',
2025-06-04T12:26:49:   address: '0.0.0.0',
2025-06-04T12:26:49:   port: 5000
2025-06-04T12:26:49: }
2025-06-04T12:26:50: No SUPABASE_DB_PASSWORD provided, using in-memory storage
2025-06-04T12:26:50: Error: listen EADDRINUSE: address already in use 0.0.0.0:5000
2025-06-04T12:26:50:     at Server.setupListenHandle [as _listen2] (node:net:1908:16)
2025-06-04T12:26:50:     at listenInCluster (node:net:1965:12)
2025-06-04T12:26:50:     at doListen (node:net:2139:7)
2025-06-04T12:26:50:     at process.processTicksAndRejections (node:internal/process/task_queues:83:21) {
2025-06-04T12:26:50:   code: 'EADDRINUSE',
2025-06-04T12:26:50:   errno: -48,
2025-06-04T12:26:50:   syscall: 'listen',
2025-06-04T12:26:50:   address: '0.0.0.0',
2025-06-04T12:26:50:   port: 5000
2025-06-04T12:26:50: }
2025-06-04T12:26:50: No SUPABASE_DB_PASSWORD provided, using in-memory storage
2025-06-04T12:26:50: Error: listen EADDRINUSE: address already in use 0.0.0.0:5000
2025-06-04T12:26:50:     at Server.setupListenHandle [as _listen2] (node:net:1908:16)
2025-06-04T12:26:50:     at listenInCluster (node:net:1965:12)
2025-06-04T12:26:50:     at doListen (node:net:2139:7)
2025-06-04T12:26:50:     at process.processTicksAndRejections (node:internal/process/task_queues:83:21) {
2025-06-04T12:26:50:   code: 'EADDRINUSE',
2025-06-04T12:26:50:   errno: -48,
2025-06-04T12:26:50:   syscall: 'listen',
2025-06-04T12:26:50:   address: '0.0.0.0',
2025-06-04T12:26:50:   port: 5000
2025-06-04T12:26:50: }
2025-06-04T12:26:50: No SUPABASE_DB_PASSWORD provided, using in-memory storage
2025-06-04T12:26:50: Error: listen EADDRINUSE: address already in use 0.0.0.0:5000
2025-06-04T12:26:50:     at Server.setupListenHandle [as _listen2] (node:net:1908:16)
2025-06-04T12:26:50:     at listenInCluster (node:net:1965:12)
2025-06-04T12:26:50:     at doListen (node:net:2139:7)
2025-06-04T12:26:50:     at process.processTicksAndRejections (node:internal/process/task_queues:83:21) {
2025-06-04T12:26:50:   code: 'EADDRINUSE',
2025-06-04T12:26:50:   errno: -48,
2025-06-04T12:26:50:   syscall: 'listen',
2025-06-04T12:26:50:   address: '0.0.0.0',
2025-06-04T12:26:50:   port: 5000
2025-06-04T12:26:50: }
2025-06-04T12:27:48: No SUPABASE_DB_PASSWORD provided, using in-memory storage
2025-06-04T12:27:48: 12:27:48 PM [express] serving on port 5757
2025-06-04T12:28:34: 12:28:34 PM [express] GET /api/categories 200 in 3ms :: [{"id":1,"name":"Audience","description":"Tar…
2025-06-04T12:28:34: 12:28:34 PM [express] GET /api/protocols 200 in 0ms :: [{"id":1,"number":1,"title":"So'z miqdorini be…
2025-06-04T12:28:37: 12:28:37 PM [express] GET /api/protocols 304 in 0ms :: [{"id":1,"number":1,"title":"So'z miqdorini be…
2025-06-04T12:28:41: 12:28:41 PM [express] GET /api/protocols 304 in 1ms :: [{"id":1,"number":1,"title":"So'z miqdorini be…
2025-06-04T12:28:42: 12:28:42 PM [express] GET /api/protocols 304 in 2ms :: [{"id":1,"number":1,"title":"So'z miqdorini be…
2025-06-04T12:28:43: 12:28:43 PM [express] GET /api/protocols 304 in 1ms :: [{"id":1,"number":1,"title":"So'z miqdorini be…
2025-06-04T12:28:43: 12:28:43 PM [express] GET /api/protocols 304 in 1ms :: [{"id":1,"number":1,"title":"So'z miqdorini be…
2025-06-04T12:28:43: 12:28:43 PM [express] GET /api/protocols 304 in 1ms :: [{"id":1,"number":1,"title":"So'z miqdorini be…
2025-06-04T12:28:43: 12:28:43 PM [express] GET /api/protocols 304 in 1ms :: [{"id":1,"number":1,"title":"So'z miqdorini be…
2025-06-04T12:29:30: 12:29:30 PM [express] GET /api/protocols 200 in 1ms :: [{"id":1,"number":1,"title":"So'z miqdorini be…
2025-06-04T12:30:21: No SUPABASE_DB_PASSWORD provided, using in-memory storage
2025-06-04T12:30:21: 12:30:21 PM [express] serving on port 5757
2025-06-04T12:30:52: No SUPABASE_DB_PASSWORD provided, using in-memory storage
2025-06-04T12:30:52: 12:30:52 PM [express] serving on port 5757
