2025-06-04T12:40:05: 12:40:05 PM [express] serving on port 5757
2025-06-04T12:40:06: Supabase REST API connected successfully
2025-06-04T12:40:06: Error seeding database: Cannot read properties of null (reading 'select')
2025-06-04T12:41:02: 12:41:02 PM [express] GET /api/protocols 200 in 903ms :: [{"id":1,"number":1,"title":"So'z miqdorini …
2025-06-04T12:42:22: Error getting categories: TypeError: Cannot read properties of null (reading 'select')
2025-06-04T12:42:22:     at HybridStorage.getCategories (file:///Users/xb21/P57/dist/index.js:474:33)
2025-06-04T12:42:22:     at file:///Users/xb21/P57/dist/index.js:577:41
2025-06-04T12:42:22:     at Layer.handle [as handle_request] (/Users/xb21/P57/node_modules/express/lib/router/layer.js:95:5)
2025-06-04T12:42:22:     at next (/Users/xb21/P57/node_modules/express/lib/router/route.js:149:13)
2025-06-04T12:42:22:     at Route.dispatch (/Users/xb21/P57/node_modules/express/lib/router/route.js:119:3)
2025-06-04T12:42:22:     at Layer.handle [as handle_request] (/Users/xb21/P57/node_modules/express/lib/router/layer.js:95:5)
2025-06-04T12:42:22:     at /Users/xb21/P57/node_modules/express/lib/router/index.js:284:15
2025-06-04T12:42:22:     at Function.process_params (/Users/xb21/P57/node_modules/express/lib/router/index.js:346:12)
2025-06-04T12:42:22:     at next (/Users/xb21/P57/node_modules/express/lib/router/index.js:280:10)
2025-06-04T12:42:22:     at file:///Users/xb21/P57/dist/index.js:733:3
2025-06-04T12:42:22: 12:42:22 PM [express] GET /api/categories 200 in 4ms :: []
2025-06-04T12:42:23: 12:42:23 PM [express] GET /api/protocols 200 in 948ms :: [{"id":1,"number":1,"title":"So'z miqdorini …
2025-06-04T12:42:25: 12:42:25 PM [express] GET /api/protocols 304 in 618ms :: [{"id":1,"number":1,"title":"So'z miqdorini …
2025-06-04T12:42:27: 12:42:27 PM [express] GET /api/protocols 304 in 279ms :: [{"id":1,"number":1,"title":"So'z miqdorini …
2025-06-04T12:42:36: Error getting categories: TypeError: Cannot read properties of null (reading 'select')
2025-06-04T12:42:36:     at HybridStorage.getCategories (file:///Users/xb21/P57/dist/index.js:474:33)
2025-06-04T12:42:36:     at file:///Users/xb21/P57/dist/index.js:577:41
2025-06-04T12:42:36:     at Layer.handle [as handle_request] (/Users/xb21/P57/node_modules/express/lib/router/layer.js:95:5)
2025-06-04T12:42:36:     at next (/Users/xb21/P57/node_modules/express/lib/router/route.js:149:13)
2025-06-04T12:42:36:     at Route.dispatch (/Users/xb21/P57/node_modules/express/lib/router/route.js:119:3)
2025-06-04T12:42:36:     at Layer.handle [as handle_request] (/Users/xb21/P57/node_modules/express/lib/router/layer.js:95:5)
2025-06-04T12:42:36:     at /Users/xb21/P57/node_modules/express/lib/router/index.js:284:15
2025-06-04T12:42:36:     at Function.process_params (/Users/xb21/P57/node_modules/express/lib/router/index.js:346:12)
2025-06-04T12:42:36:     at next (/Users/xb21/P57/node_modules/express/lib/router/index.js:280:10)
2025-06-04T12:42:36:     at file:///Users/xb21/P57/dist/index.js:733:3
2025-06-04T12:42:36: 12:42:36 PM [express] GET /api/categories 200 in 1ms :: []
2025-06-04T12:42:37: 12:42:37 PM [express] GET /api/protocols 200 in 840ms :: [{"id":1,"number":1,"title":"So'z miqdorini …
2025-06-04T12:42:40: 12:42:40 PM [express] GET /api/protocols 304 in 644ms :: [{"id":1,"number":1,"title":"So'z miqdorini …
2025-06-04T12:42:42: 12:42:42 PM [express] GET /api/protocols 304 in 654ms :: [{"id":1,"number":1,"title":"So'z miqdorini …
2025-06-04T12:43:07: Error getting categories: TypeError: Cannot read properties of null (reading 'select')
2025-06-04T12:43:07:     at HybridStorage.getCategories (file:///Users/xb21/P57/dist/index.js:474:33)
2025-06-04T12:43:07:     at file:///Users/xb21/P57/dist/index.js:577:41
2025-06-04T12:43:07:     at Layer.handle [as handle_request] (/Users/xb21/P57/node_modules/express/lib/router/layer.js:95:5)
2025-06-04T12:43:07:     at next (/Users/xb21/P57/node_modules/express/lib/router/route.js:149:13)
2025-06-04T12:43:07:     at Route.dispatch (/Users/xb21/P57/node_modules/express/lib/router/route.js:119:3)
2025-06-04T12:43:07:     at Layer.handle [as handle_request] (/Users/xb21/P57/node_modules/express/lib/router/layer.js:95:5)
2025-06-04T12:43:07:     at /Users/xb21/P57/node_modules/express/lib/router/index.js:284:15
2025-06-04T12:43:07:     at Function.process_params (/Users/xb21/P57/node_modules/express/lib/router/index.js:346:12)
2025-06-04T12:43:07:     at next (/Users/xb21/P57/node_modules/express/lib/router/index.js:280:10)
2025-06-04T12:43:07:     at file:///Users/xb21/P57/dist/index.js:733:3
2025-06-04T12:43:07: 12:43:07 PM [express] GET /api/categories 200 in 0ms :: []
2025-06-04T12:44:15: 12:44:15 PM [express] serving on port 5757
2025-06-04T12:44:16: Supabase REST API connected successfully
2025-06-04T12:44:16: Error seeding database: Cannot read properties of null (reading 'select')
2025-06-04T12:44:24: 12:44:24 PM [express] GET /api/categories 200 in 491ms :: [{"id":1,"name":"Audience","description":"T…
2025-06-04T12:44:34: 12:44:34 PM [express] GET /api/protocols 200 in 819ms :: [{"id":1,"number":1,"title":"So'z miqdorini …
2025-06-04T12:44:49: 12:44:49 PM [express] GET /api/categories 200 in 455ms :: [{"id":1,"name":"Audience","description":"T…
2025-06-04T12:44:49: 12:44:49 PM [express] GET /api/protocols 304 in 464ms :: [{"id":1,"number":1,"title":"So'z miqdorini …
2025-06-04T12:44:51: 12:44:51 PM [express] GET /api/protocols 304 in 620ms :: [{"id":1,"number":1,"title":"So'z miqdorini …
2025-06-04T12:44:53: 12:44:52 PM [express] GET /api/categories 304 in 292ms :: [{"id":1,"name":"Audience","description":"T…
2025-06-04T12:44:53: 12:44:53 PM [express] GET /api/protocols 304 in 298ms :: [{"id":1,"number":1,"title":"So'z miqdorini …
2025-06-04T12:45:02: 12:45:02 PM [express] GET /api/categories 304 in 455ms :: [{"id":1,"name":"Audience","description":"T…
2025-06-04T12:45:02: 12:45:02 PM [express] GET /api/protocols 304 in 458ms :: [{"id":1,"number":1,"title":"So'z miqdorini …
2025-06-04T12:50:23: 12:50:23 PM [express] GET /api/protocols 304 in 646ms :: [{"id":1,"number":1,"title":"So'z miqdorini …
2025-06-04T12:50:23: 12:50:23 PM [express] GET /api/categories 304 in 731ms :: [{"id":1,"name":"Audience","description":"T…
2025-06-04T12:51:14: 12:51:14 PM [express] GET /api/protocols 200 in 492ms :: [{"id":1,"number":1,"title":"So'z miqdorini …
2025-06-04T12:51:52: 12:51:52 PM [express] serving on port 5757
2025-06-04T12:51:52: Supabase REST API connected successfully
2025-06-04T12:51:52: Error seeding database: Cannot read properties of null (reading 'select')
2025-06-04T12:52:03: 12:52:03 PM [express] GET /api/protocols 200 in 483ms :: [{"id":1,"number":1,"title":"So'z miqdorini …
2025-06-04T12:52:13: 12:52:13 PM [express] serving on port 5757
2025-06-04T12:52:14: Supabase REST API connected successfully
2025-06-04T12:52:14: Error seeding database: Cannot read properties of null (reading 'select')
2025-06-04T12:52:23: 12:52:23 PM [express] GET /api/protocols 200 in 951ms :: [{"id":1,"number":1,"title":"So'z miqdorini …
2025-06-04T12:55:26: 12:55:26 PM [express] GET /api/protocols 200 in 652ms :: [{"id":1,"number":1,"title":"So'z miqdorini …
2025-06-04T12:55:52: 12:55:52 PM [express] GET /api/protocols 200 in 459ms :: [{"id":1,"number":1,"title":"So'z miqdorini …
2025-06-04T12:55:52: 12:55:52 PM [express] GET /api/categories 304 in 888ms :: [{"id":1,"name":"Audience","description":"T…
2025-06-04T12:55:54: 12:55:54 PM [express] GET /api/protocols 304 in 275ms :: [{"id":1,"number":1,"title":"So'z miqdorini …
2025-06-04T12:55:54: 12:55:54 PM [express] GET /api/categories 304 in 288ms :: [{"id":1,"name":"Audience","description":"T…
2025-06-04T12:55:58: 12:55:58 PM [express] GET /api/protocols 200 in 279ms :: [{"id":21,"number":21,"title":"Bahola, bahol…
2025-06-04T12:56:04: 12:56:04 PM [express] GET /api/protocols 200 in 467ms :: [{"id":41,"number":41,"title":"Fe'ldan boshl…
2025-06-04T12:56:13: Error getting protocol: TypeError: Cannot read properties of null (reading 'select')
2025-06-04T12:56:13:     at HybridStorage.getProtocol (file:///Users/xb21/P57/dist/index.js:413:33)
2025-06-04T12:56:13:     at file:///Users/xb21/P57/dist/index.js:559:38
2025-06-04T12:56:13:     at Layer.handle [as handle_request] (/Users/xb21/P57/node_modules/express/lib/router/layer.js:95:5)
2025-06-04T12:56:13:     at next (/Users/xb21/P57/node_modules/express/lib/router/route.js:149:13)
2025-06-04T12:56:13:     at Route.dispatch (/Users/xb21/P57/node_modules/express/lib/router/route.js:119:3)
2025-06-04T12:56:13:     at Layer.handle [as handle_request] (/Users/xb21/P57/node_modules/express/lib/router/layer.js:95:5)
2025-06-04T12:56:13:     at /Users/xb21/P57/node_modules/express/lib/router/index.js:284:15
2025-06-04T12:56:13:     at param (/Users/xb21/P57/node_modules/express/lib/router/index.js:365:14)
2025-06-04T12:56:13:     at param (/Users/xb21/P57/node_modules/express/lib/router/index.js:376:14)
2025-06-04T12:56:13:     at Function.process_params (/Users/xb21/P57/node_modules/express/lib/router/index.js:421:3)
2025-06-04T12:56:13: 12:56:13 PM [express] GET /api/protocols/17 404 in 3ms :: {"message":"Protocol not found"}
2025-06-04T12:56:17: Error getting protocol: TypeError: Cannot read properties of null (reading 'select')
2025-06-04T12:56:17:     at HybridStorage.getProtocol (file:///Users/xb21/P57/dist/index.js:413:33)
2025-06-04T12:56:17:     at file:///Users/xb21/P57/dist/index.js:559:38
2025-06-04T12:56:17:     at Layer.handle [as handle_request] (/Users/xb21/P57/node_modules/express/lib/router/layer.js:95:5)
2025-06-04T12:56:17:     at next (/Users/xb21/P57/node_modules/express/lib/router/route.js:149:13)
2025-06-04T12:56:17:     at Route.dispatch (/Users/xb21/P57/node_modules/express/lib/router/route.js:119:3)
2025-06-04T12:56:17:     at Layer.handle [as handle_request] (/Users/xb21/P57/node_modules/express/lib/router/layer.js:95:5)
2025-06-04T12:56:17:     at /Users/xb21/P57/node_modules/express/lib/router/index.js:284:15
2025-06-04T12:56:17:     at param (/Users/xb21/P57/node_modules/express/lib/router/index.js:365:14)
2025-06-04T12:56:17:     at param (/Users/xb21/P57/node_modules/express/lib/router/index.js:376:14)
2025-06-04T12:56:17:     at Function.process_params (/Users/xb21/P57/node_modules/express/lib/router/index.js:421:3)
2025-06-04T12:56:17: 12:56:17 PM [express] GET /api/protocols/3 404 in 3ms :: {"message":"Protocol not found"}
2025-06-04T12:56:20: Error getting protocol: TypeError: Cannot read properties of null (reading 'select')
2025-06-04T12:56:20:     at HybridStorage.getProtocol (file:///Users/xb21/P57/dist/index.js:413:33)
2025-06-04T12:56:20:     at file:///Users/xb21/P57/dist/index.js:559:38
2025-06-04T12:56:20:     at Layer.handle [as handle_request] (/Users/xb21/P57/node_modules/express/lib/router/layer.js:95:5)
2025-06-04T12:56:20:     at next (/Users/xb21/P57/node_modules/express/lib/router/route.js:149:13)
2025-06-04T12:56:20:     at Route.dispatch (/Users/xb21/P57/node_modules/express/lib/router/route.js:119:3)
2025-06-04T12:56:20:     at Layer.handle [as handle_request] (/Users/xb21/P57/node_modules/express/lib/router/layer.js:95:5)
2025-06-04T12:56:20:     at /Users/xb21/P57/node_modules/express/lib/router/index.js:284:15
2025-06-04T12:56:20:     at param (/Users/xb21/P57/node_modules/express/lib/router/index.js:365:14)
2025-06-04T12:56:20:     at param (/Users/xb21/P57/node_modules/express/lib/router/index.js:376:14)
2025-06-04T12:56:20:     at Function.process_params (/Users/xb21/P57/node_modules/express/lib/router/index.js:421:3)
2025-06-04T12:56:20: 12:56:20 PM [express] GET /api/protocols/18 404 in 1ms :: {"message":"Protocol not found"}
2025-06-04T12:56:22: Error getting protocol: TypeError: Cannot read properties of null (reading 'select')
2025-06-04T12:56:22:     at HybridStorage.getProtocol (file:///Users/xb21/P57/dist/index.js:413:33)
2025-06-04T12:56:22:     at file:///Users/xb21/P57/dist/index.js:559:38
2025-06-04T12:56:22:     at Layer.handle [as handle_request] (/Users/xb21/P57/node_modules/express/lib/router/layer.js:95:5)
2025-06-04T12:56:22:     at next (/Users/xb21/P57/node_modules/express/lib/router/route.js:149:13)
2025-06-04T12:56:22:     at Route.dispatch (/Users/xb21/P57/node_modules/express/lib/router/route.js:119:3)
2025-06-04T12:56:22:     at Layer.handle [as handle_request] (/Users/xb21/P57/node_modules/express/lib/router/layer.js:95:5)
2025-06-04T12:56:22:     at /Users/xb21/P57/node_modules/express/lib/router/index.js:284:15
2025-06-04T12:56:22:     at param (/Users/xb21/P57/node_modules/express/lib/router/index.js:365:14)
2025-06-04T12:56:22:     at param (/Users/xb21/P57/node_modules/express/lib/router/index.js:376:14)
2025-06-04T12:56:22:     at Function.process_params (/Users/xb21/P57/node_modules/express/lib/router/index.js:421:3)
2025-06-04T12:56:22: 12:56:22 PM [express] GET /api/protocols/16 404 in 2ms :: {"message":"Protocol not found"}
2025-06-04T12:56:25: Error getting protocol: TypeError: Cannot read properties of null (reading 'select')
2025-06-04T12:56:25:     at HybridStorage.getProtocol (file:///Users/xb21/P57/dist/index.js:413:33)
2025-06-04T12:56:25:     at file:///Users/xb21/P57/dist/index.js:559:38
2025-06-04T12:56:25:     at Layer.handle [as handle_request] (/Users/xb21/P57/node_modules/express/lib/router/layer.js:95:5)
2025-06-04T12:56:25:     at next (/Users/xb21/P57/node_modules/express/lib/router/route.js:149:13)
2025-06-04T12:56:25:     at Route.dispatch (/Users/xb21/P57/node_modules/express/lib/router/route.js:119:3)
2025-06-04T12:56:25:     at Layer.handle [as handle_request] (/Users/xb21/P57/node_modules/express/lib/router/layer.js:95:5)
2025-06-04T12:56:25:     at /Users/xb21/P57/node_modules/express/lib/router/index.js:284:15
2025-06-04T12:56:25:     at param (/Users/xb21/P57/node_modules/express/lib/router/index.js:365:14)
2025-06-04T12:56:25:     at param (/Users/xb21/P57/node_modules/express/lib/router/index.js:376:14)
2025-06-04T12:56:25:     at Function.process_params (/Users/xb21/P57/node_modules/express/lib/router/index.js:421:3)
2025-06-04T12:56:25: 12:56:25 PM [express] GET /api/protocols/1 404 in 2ms :: {"message":"Protocol not found"}
2025-06-04T12:57:19: Error getting protocol: TypeError: Cannot read properties of null (reading 'select')
2025-06-04T12:57:19:     at HybridStorage.getProtocol (file:///Users/xb21/P57/dist/index.js:413:33)
2025-06-04T12:57:19:     at file:///Users/xb21/P57/dist/index.js:559:38
2025-06-04T12:57:19:     at Layer.handle [as handle_request] (/Users/xb21/P57/node_modules/express/lib/router/layer.js:95:5)
2025-06-04T12:57:19:     at next (/Users/xb21/P57/node_modules/express/lib/router/route.js:149:13)
2025-06-04T12:57:19:     at Route.dispatch (/Users/xb21/P57/node_modules/express/lib/router/route.js:119:3)
2025-06-04T12:57:19:     at Layer.handle [as handle_request] (/Users/xb21/P57/node_modules/express/lib/router/layer.js:95:5)
2025-06-04T12:57:19:     at /Users/xb21/P57/node_modules/express/lib/router/index.js:284:15
2025-06-04T12:57:19:     at param (/Users/xb21/P57/node_modules/express/lib/router/index.js:365:14)
2025-06-04T12:57:19:     at param (/Users/xb21/P57/node_modules/express/lib/router/index.js:376:14)
2025-06-04T12:57:19:     at Function.process_params (/Users/xb21/P57/node_modules/express/lib/router/index.js:421:3)
2025-06-04T12:57:19: 12:57:19 PM [express] GET /api/protocols/1 404 in 1ms :: {"message":"Protocol not found"}
2025-06-04T12:58:15: 12:58:15 PM [express] serving on port 5757
2025-06-04T12:58:16: Supabase REST API connected successfully
2025-06-04T12:58:16: Error seeding database: Cannot read properties of null (reading 'select')
2025-06-04T12:58:32: 12:58:32 PM [express] GET /api/protocols/1 200 in 513ms :: {"id":1,"number":1,"title":"So'z miqdorini…
2025-06-04T12:58:47: 12:58:47 PM [express] GET /api/protocols/1 200 in 858ms :: {"id":1,"number":1,"title":"So'z miqdorini…
2025-06-04T12:58:50: 12:58:50 PM [express] GET /api/categories 304 in 291ms :: [{"id":1,"name":"Audience","description":"T…
2025-06-04T12:58:50: 12:58:50 PM [express] GET /api/protocols 304 in 456ms :: [{"id":1,"number":1,"title":"So'z miqdorini …
2025-06-04T12:58:51: 12:58:51 PM [express] GET /api/protocols/2 200 in 272ms :: {"id":2,"number":2,"title":"Raqamlangan ro…
2025-06-04T12:58:59: 12:58:59 PM [express] GET /api/protocols 200 in 838ms :: [{"id":1,"number":1,"title":"So'z miqdorini …
2025-06-04T12:59:23: 12:59:23 PM [express] GET /api/protocols 200 in 488ms :: [{"id":4,"number":4,"title":"Mutaxassislik d…
2025-06-04T12:59:24: 12:59:24 PM [express] GET /api/protocols 200 in 293ms :: [{"id":8,"number":8,"title":"Temperatura naz…
2025-06-04T12:59:25: 12:59:25 PM [express] GET /api/protocols 200 in 294ms :: []
2025-06-04T12:59:26: 12:59:26 PM [express] GET /api/protocols 200 in 291ms :: [{"id":1,"number":1,"title":"So'z miqdorini …
2025-06-04T12:59:27: 12:59:27 PM [express] GET /api/protocols 200 in 277ms :: [{"id":6,"number":6,"title":"Dalil turlarini…
2025-06-04T12:59:28: 12:59:28 PM [express] GET /api/protocols 200 in 287ms :: [{"id":3,"number":3,"title":"Noaniq iboralar…
2025-06-04T13:01:01: 1:01:01 PM [express] GET /api/protocols 304 in 644ms :: [{"id":21,"number":21,"title":"Bahola, bahol…
2025-06-04T13:01:27: 1:01:27 PM [express] GET /api/protocols/35 200 in 468ms :: {"id":35,"number":35,"title":"Rol almasht…
2025-06-04T13:01:37: 1:01:37 PM [express] GET /api/protocols 304 in 525ms :: [{"id":41,"number":41,"title":"Fe'ldan boshl…
2025-06-04T13:02:37: 1:02:37 PM [express] GET /api/protocols 200 in 825ms :: [{"id":1,"number":1,"title":"So'z miqdorini …
2025-06-04T13:05:02: 1:05:02 PM [express] GET /api/protocols 200 in 487ms :: [{"id":1,"number":1,"title":"So'z miqdorini …
2025-06-04T13:05:10: 1:05:10 PM [express] GET /api/protocols 200 in 483ms :: [{"id":1,"number":1,"title":"So'z miqdorini …
2025-06-04T13:05:18: 1:05:18 PM [express] GET /api/protocols 200 in 453ms :: [{"id":1,"number":1,"title":"So'z miqdorini …
2025-06-04T13:05:30: 1:05:30 PM [express] GET /api/protocols 200 in 479ms :: [{"id":1,"number":1,"title":"So'z miqdorini …
2025-06-04T13:05:30: 1:05:30 PM [express] GET /api/categories 304 in 490ms :: [{"id":1,"name":"Audience","description":"T…
2025-06-04T13:05:39: 1:05:39 PM [express] GET /api/protocols 200 in 485ms :: [{"id":21,"number":21,"title":"Bahola, bahol…
2025-06-04T13:05:56: 1:05:56 PM [express] GET /api/protocols 200 in 625ms :: [{"id":1,"number":1,"title":"So'z miqdorini …
2025-06-04T13:08:15: 1:08:15 PM [express] serving on port 5757
2025-06-04T13:08:16: Supabase REST API connected successfully
2025-06-04T13:08:16: Error seeding database: Cannot read properties of null (reading 'select')
2025-06-04T13:08:29: 1:08:29 PM [express] POST /api/protocols 201 in 519ms :: {"id":58,"number":999,"title":"Test Protoco…
2025-06-04T13:08:44: 1:08:44 PM [express] PUT /api/protocols/58 200 in 820ms :: {"id":58,"number":999,"title":"Updated Te…
2025-06-04T13:08:52: 1:08:52 PM [express] DELETE /api/protocols/58 200 in 491ms :: {"message":"Protocol deleted successfu…
2025-06-04T13:08:58: 1:08:58 PM [express] GET /api/protocols/58 404 in 485ms :: {"message":"Protocol not found"}
2025-06-04T13:09:11: 1:09:11 PM [express] GET /api/categories 304 in 457ms :: [{"id":1,"name":"Audience","description":"T…
2025-06-04T13:09:11: 1:09:11 PM [express] GET /api/protocols 304 in 483ms :: [{"id":1,"number":1,"title":"So'z miqdorini …
2025-06-04T13:09:36: 1:09:36 PM [express] GET /api/protocols 304 in 470ms :: [{"id":1,"number":1,"title":"So'z miqdorini …
2025-06-04T13:09:38: 1:09:38 PM [express] GET /api/protocols/1 304 in 279ms :: {"id":1,"number":1,"title":"So'z miqdorini…
2025-06-04T13:13:40: 1:13:40 PM [express] GET /api/protocols 200 in 645ms :: [{"id":1,"number":1,"title":"So'z miqdorini …
2025-06-04T13:13:40: 1:13:40 PM [express] GET /api/categories 200 in 682ms :: [{"id":1,"name":"Audience","description":"T…
2025-06-04T13:13:42: 1:13:42 PM [express] GET /api/protocols/1 200 in 289ms :: {"id":1,"number":1,"title":"So'z miqdorini…
2025-06-04T13:16:40: 1:16:40 PM [express] GET /api/protocols/1 200 in 453ms :: {"id":1,"number":1,"title":"So'z miqdorini…
2025-06-04T13:17:39: 1:17:39 PM [express] GET /api/protocols/1 200 in 466ms :: {"id":1,"number":1,"title":"So'z miqdorini…
2025-06-04T13:17:50: 1:17:50 PM [express] GET /api/protocols 200 in 469ms :: [{"id":1,"number":1,"title":"So'z miqdorini …
2025-06-04T13:18:00: 1:18:00 PM [express] GET /api/protocols/27 200 in 464ms :: {"id":27,"number":27,"title":"Qarama-qars…
2025-06-04T13:18:08: 1:18:08 PM [express] GET /api/protocols/37 200 in 467ms :: {"id":37,"number":37,"title":"Super-Kreat…
2025-06-04T13:18:32: 1:18:32 PM [express] GET /api/protocols/1 200 in 611ms :: {"id":1,"number":1,"title":"So'z miqdorini…
2025-06-04T13:18:39: 1:18:39 PM [express] GET /api/categories 304 in 467ms :: [{"id":1,"name":"Audience","description":"T…
2025-06-04T13:18:39: 1:18:39 PM [express] GET /api/protocols 200 in 487ms :: [{"id":1,"number":1,"title":"So'z miqdorini …
2025-06-04T13:18:42: 1:18:42 PM [express] GET /api/protocols 200 in 291ms :: [{"id":21,"number":21,"title":"Bahola, bahol…
2025-06-04T13:18:49: 1:18:49 PM [express] GET /api/protocols 200 in 466ms :: [{"id":41,"number":41,"title":"Fe'ldan boshl…
2025-06-04T13:19:47: 1:19:47 PM [express] GET /api/categories 200 in 472ms :: [{"id":1,"name":"Audience","description":"T…
2025-06-04T13:19:48: 1:19:48 PM [express] GET /api/protocols 200 in 851ms :: [{"id":1,"number":1,"title":"So'z miqdorini …
2025-06-04T13:19:50: 1:19:50 PM [express] GET /api/protocols 304 in 296ms :: [{"id":21,"number":21,"title":"Bahola, bahol…
2025-06-04T13:21:45: 1:21:45 PM [express] GET /api/categories 200 in 672ms :: [{"id":1,"name":"Audience","description":"T…
2025-06-04T13:21:45: 1:21:45 PM [express] GET /api/protocols 200 in 678ms :: [{"id":1,"number":1,"title":"So'z miqdorini …
2025-06-04T13:21:56: Error searching protocols: TypeError: Cannot read properties of null (reading 'select')
2025-06-04T13:21:56:     at HybridStorage.searchProtocols (file:///Users/xb21/P57/dist/index.js:530:33)
2025-06-04T13:21:56:     at file:///Users/xb21/P57/dist/index.js:598:36
2025-06-04T13:21:56:     at Layer.handle [as handle_request] (/Users/xb21/P57/node_modules/express/lib/router/layer.js:95:5)
2025-06-04T13:21:56:     at next (/Users/xb21/P57/node_modules/express/lib/router/route.js:149:13)
2025-06-04T13:21:56:     at Route.dispatch (/Users/xb21/P57/node_modules/express/lib/router/route.js:119:3)
2025-06-04T13:21:56:     at Layer.handle [as handle_request] (/Users/xb21/P57/node_modules/express/lib/router/layer.js:95:5)
2025-06-04T13:21:56:     at /Users/xb21/P57/node_modules/express/lib/router/index.js:284:15
2025-06-04T13:21:56:     at Function.process_params (/Users/xb21/P57/node_modules/express/lib/router/index.js:346:12)
2025-06-04T13:21:56:     at next (/Users/xb21/P57/node_modules/express/lib/router/index.js:280:10)
2025-06-04T13:21:56:     at file:///Users/xb21/P57/dist/index.js:824:3
2025-06-04T13:21:56: 1:21:56 PM [express] GET /api/protocols 200 in 3ms :: []
2025-06-04T13:21:56: Error searching protocols: TypeError: Cannot read properties of null (reading 'select')
2025-06-04T13:21:56:     at HybridStorage.searchProtocols (file:///Users/xb21/P57/dist/index.js:530:33)
2025-06-04T13:21:56:     at file:///Users/xb21/P57/dist/index.js:598:36
2025-06-04T13:21:56:     at Layer.handle [as handle_request] (/Users/xb21/P57/node_modules/express/lib/router/layer.js:95:5)
2025-06-04T13:21:56:     at next (/Users/xb21/P57/node_modules/express/lib/router/route.js:149:13)
2025-06-04T13:21:56:     at Route.dispatch (/Users/xb21/P57/node_modules/express/lib/router/route.js:119:3)
2025-06-04T13:21:56:     at Layer.handle [as handle_request] (/Users/xb21/P57/node_modules/express/lib/router/layer.js:95:5)
2025-06-04T13:21:56:     at /Users/xb21/P57/node_modules/express/lib/router/index.js:284:15
2025-06-04T13:21:56:     at Function.process_params (/Users/xb21/P57/node_modules/express/lib/router/index.js:346:12)
2025-06-04T13:21:56:     at next (/Users/xb21/P57/node_modules/express/lib/router/index.js:280:10)
2025-06-04T13:21:56:     at file:///Users/xb21/P57/dist/index.js:824:3
2025-06-04T13:21:56: 1:21:56 PM [express] GET /api/protocols 200 in 1ms :: []
2025-06-04T13:25:40: 1:25:40 PM [express] GET /api/protocols/1 200 in 485ms :: {"id":1,"number":1,"title":"So'z miqdorini…
2025-06-04T13:25:48: 1:25:48 PM [express] GET /api/protocols/27 200 in 857ms :: {"id":27,"number":27,"title":"Qarama-qars…
2025-06-04T13:25:55: 1:25:55 PM [express] GET /api/protocols/37 200 in 616ms :: {"id":37,"number":37,"title":"Super-Kreat…
2025-06-04T13:26:05: 1:26:05 PM [express] GET /api/protocols/56 200 in 821ms :: {"id":56,"number":56,"title":"Ehtimollikn…
2025-06-04T13:26:31: 1:26:31 PM [express] GET /api/categories 200 in 482ms :: [{"id":1,"name":"Audience","description":"T…
2025-06-04T13:26:31: 1:26:31 PM [express] GET /api/protocols 200 in 496ms :: [{"id":1,"number":1,"title":"So'z miqdorini …
2025-06-04T13:26:34: 1:26:34 PM [express] GET /api/protocols 200 in 284ms :: [{"id":21,"number":21,"title":"Bahola, bahol…
2025-06-04T13:26:37: 1:26:37 PM [express] GET /api/protocols 200 in 641ms :: [{"id":41,"number":41,"title":"Sabab-natija …
2025-06-04T13:26:43: 1:26:43 PM [express] GET /api/protocols/5 200 in 469ms :: {"id":5,"number":5,"title":"Vaqt chegarasi…
2025-06-04T18:17:06: 6:17:06 PM [express] GET /api/protocols/1 304 in 1262ms :: {"id":1,"number":1,"title":"So'z miqdorin…
2025-06-04T18:17:09: 6:17:09 PM [express] GET /api/protocols/2 200 in 637ms :: {"id":2,"number":2,"title":"Raqamlangan ro…
2025-06-04T18:17:16: 6:17:16 PM [express] GET /api/protocols 304 in 807ms :: [{"id":21,"number":21,"title":"Bahola, bahol…
2025-06-04T18:51:50: 6:51:50 PM [express] GET /api/protocols/2 304 in 1018ms :: {"id":2,"number":2,"title":"Raqamlangan r…
2025-06-04T18:51:53: 6:51:53 PM [express] GET /api/protocols 304 in 295ms :: [{"id":1,"number":1,"title":"So'z miqdorini …
2025-06-04T18:51:55: 6:51:55 PM [express] GET /api/protocols/3 200 in 633ms :: {"id":3,"number":3,"title":"Noaniq iborala…
2025-06-04T18:51:59: 6:51:59 PM [express] GET /api/protocols/20 200 in 640ms :: {"id":20,"number":20,"title":"O'zini o'zi…
2025-06-04T18:52:04: 6:52:04 PM [express] GET /api/protocols 200 in 826ms :: [{"id":4,"number":4,"title":"Mutaxassislik d…
2025-06-04T18:52:06: 6:52:06 PM [express] GET /api/protocols 200 in 626ms :: [{"id":8,"number":8,"title":"Temperatura naz…
2025-06-04T18:52:15: 6:52:15 PM [express] GET /api/categories 200 in 466ms :: [{"id":1,"name":"Audience","description":"T…
2025-06-04T18:52:15: 6:52:15 PM [express] GET /api/protocols 200 in 875ms :: [{"id":1,"number":1,"title":"So'z miqdorini …
2025-06-04T18:52:16: 6:52:16 PM [express] GET /api/protocols/2 304 in 300ms :: {"id":2,"number":2,"title":"Raqamlangan ro…
2025-06-04T18:53:05: 6:53:05 PM [express] GET /api/protocols/11 200 in 839ms :: {"id":11,"number":11,"title":"Aniq manbaa…
2025-06-04T18:53:09: 6:53:09 PM [express] GET /api/protocols 200 in 300ms :: [{"id":1,"number":1,"title":"So'z miqdorini …
2025-06-04T18:53:21: 6:53:21 PM [express] GET /api/protocols 304 in 458ms :: [{"id":21,"number":21,"title":"Bahola, bahol…
2025-06-04T18:53:23: 6:53:23 PM [express] GET /api/protocols 304 in 282ms :: [{"id":41,"number":41,"title":"Sabab-natija …
2025-06-04T18:53:29: 6:53:29 PM [express] GET /api/protocols/5 304 in 801ms :: {"id":5,"number":5,"title":"Vaqt chegarasi…
2025-06-04T18:53:41: 6:53:41 PM [express] GET /api/protocols/5 200 in 454ms :: {"id":5,"number":5,"title":"Vaqt chegarasi…
2025-06-04T18:55:17: 6:55:17 PM [express] GET /api/protocols/5 200 in 615ms :: {"id":5,"number":5,"title":"Vaqt chegarasi…
2025-06-04T18:56:20: 6:56:20 PM [express] GET /api/protocols/5 304 in 836ms :: {"id":5,"number":5,"title":"Vaqt chegarasi…
2025-06-04T18:56:23: 6:56:23 PM [express] GET /api/protocols/5 304 in 280ms :: {"id":5,"number":5,"title":"Vaqt chegarasi…
2025-06-04T18:56:32: 6:56:32 PM [express] GET /api/protocols/5 304 in 795ms :: {"id":5,"number":5,"title":"Vaqt chegarasi…
2025-06-04T18:56:39: 6:56:39 PM [express] GET /api/protocols/5 200 in 874ms :: {"id":5,"number":5,"title":"Vaqt chegarasi…
2025-06-04T18:56:48: 6:56:48 PM [express] GET /api/categories 200 in 473ms :: [{"id":1,"name":"Auditoriya","description":…
2025-06-04T18:56:48: 6:56:48 PM [express] GET /api/protocols 200 in 495ms :: [{"id":1,"number":1,"title":"So'z miqdorini …
2025-06-04T18:56:50: 6:56:50 PM [express] GET /api/protocols/1 200 in 630ms :: {"id":1,"number":1,"title":"So'z miqdorini…
2025-06-04T18:57:18: 6:57:18 PM [express] GET /api/categories 200 in 469ms :: [{"id":1,"name":"Auditoriya","description":…
2025-06-04T18:57:18: 6:57:18 PM [express] GET /api/protocols 200 in 480ms :: [{"id":1,"number":1,"title":"So'z miqdorini …
2025-06-04T18:57:20: 6:57:20 PM [express] GET /api/protocols/2 200 in 281ms :: {"id":2,"number":2,"title":"Raqamlangan ro…
2025-06-04T18:59:17: 6:59:17 PM [express] GET /api/protocols/2 200 in 999ms :: {"id":2,"number":2,"title":"Raqamlangan ro…
2025-06-04T18:59:22: 6:59:22 PM [express] GET /api/protocols/2 200 in 459ms :: {"id":2,"number":2,"title":"Raqamlangan ro…
2025-06-04T18:59:31: 6:59:31 PM [express] GET /api/protocols 304 in 539ms :: [{"id":1,"number":1,"title":"So'z miqdorini …
2025-06-04T18:59:32: 6:59:32 PM [express] GET /api/categories 304 in 843ms :: [{"id":1,"name":"Auditoriya","description":…
2025-06-04T19:01:50: 7:01:50 PM [express] GET /api/protocols/2 200 in 615ms :: {"id":2,"number":2,"title":"Raqamlangan ro…
2025-06-04T19:06:55: 7:06:55 PM [express] GET /api/protocols 304 in 631ms :: [{"id":1,"number":1,"title":"So'z miqdorini …
2025-06-04T19:06:55: 7:06:55 PM [express] GET /api/categories 304 in 667ms :: [{"id":1,"name":"Auditoriya","description":…
2025-06-04T19:06:59: 7:06:59 PM [express] GET /api/protocols/2 200 in 272ms :: {"id":2,"number":2,"title":"Raqamlangan ro…
2025-06-04T19:07:23: 7:07:23 PM [express] GET /api/categories 304 in 800ms :: [{"id":1,"name":"Auditoriya","description":…
2025-06-04T19:07:23: 7:07:23 PM [express] GET /api/protocols 304 in 841ms :: [{"id":1,"number":1,"title":"So'z miqdorini …
2025-06-04T19:07:45: 7:07:45 PM [express] GET /api/protocols 200 in 814ms :: []
2025-06-04T19:07:47: 7:07:47 PM [express] GET /api/protocols 200 in 623ms :: [{"id":8,"number":8,"title":"Temperatura naz…
2025-06-04T19:07:48: 7:07:48 PM [express] GET /api/protocols 200 in 285ms :: [{"id":4,"number":4,"title":"Mutaxassislik d…
2025-06-04T19:07:50: 7:07:50 PM [express] GET /api/protocols 200 in 286ms :: [{"id":3,"number":3,"title":"Noaniq iboralar…
2025-06-04T19:07:52: 7:07:52 PM [express] GET /api/protocols 200 in 285ms :: [{"id":6,"number":6,"title":"Dalil turlarini…
2025-06-04T19:07:56: 7:07:56 PM [express] GET /api/protocols/9 200 in 297ms :: {"id":9,"number":9,"title":"Har tomondan t…
2025-06-04T19:09:32: 7:09:32 PM [express] GET /api/protocols/9 200 in 623ms :: {"id":9,"number":9,"title":"Har tomondan t…
2025-06-04T19:09:34: 7:09:34 PM [express] GET /api/categories 304 in 287ms :: [{"id":1,"name":"Auditoriya","description":…
2025-06-04T19:09:34: 7:09:34 PM [express] GET /api/protocols 304 in 473ms :: [{"id":1,"number":1,"title":"So'z miqdorini …
2025-06-04T19:09:37: 7:09:37 PM [express] GET /api/protocols 200 in 628ms :: [{"id":1,"number":1,"title":"So'z miqdorini …
2025-06-04T19:09:37: 7:09:37 PM [express] GET /api/categories 200 in 644ms :: [{"id":1,"name":"Auditoriya","description":…
2025-06-04T19:11:02: 7:11:02 PM [express] GET /api/categories 200 in 844ms :: [{"id":1,"name":"Auditoriya","description":…
2025-06-04T19:11:02: 7:11:02 PM [express] GET /api/protocols 200 in 864ms :: [{"id":1,"number":1,"title":"So'z miqdorini …
2025-06-04T19:11:04: 7:11:04 PM [express] GET /api/categories 200 in 284ms :: [{"id":1,"name":"Auditoriya","description":…
2025-06-04T19:11:04: 7:11:04 PM [express] GET /api/protocols 200 in 292ms :: [{"id":1,"number":1,"title":"So'z miqdorini …
2025-06-04T19:11:18: 7:11:18 PM [express] GET /api/protocols 304 in 486ms :: [{"id":4,"number":4,"title":"Mutaxassislik d…
2025-06-04T19:11:25: 7:11:25 PM [express] GET /api/protocols 304 in 457ms :: [{"id":1,"number":1,"title":"So'z miqdorini …
2025-06-04T19:11:25: 7:11:25 PM [express] GET /api/categories 304 in 476ms :: [{"id":1,"name":"Auditoriya","description":…
2025-06-04T19:11:26: 7:11:26 PM [express] GET /api/categories 304 in 293ms :: [{"id":1,"name":"Auditoriya","description":…
2025-06-04T19:11:26: 7:11:26 PM [express] GET /api/protocols 304 in 293ms :: [{"id":1,"number":1,"title":"So'z miqdorini …
2025-06-04T19:11:43: 7:11:43 PM [express] GET /api/protocols/2 304 in 844ms :: {"id":2,"number":2,"title":"Raqamlangan ro…
2025-06-04T19:11:44: 7:11:44 PM [express] GET /api/protocols 200 in 295ms :: [{"id":1,"number":1,"title":"So'z miqdorini …
2025-06-04T19:11:44: 7:11:44 PM [express] GET /api/categories 200 in 808ms :: [{"id":1,"name":"Auditoriya","description":…
2025-06-04T19:11:49: 7:11:49 PM [express] GET /api/categories 304 in 294ms :: [{"id":1,"name":"Auditoriya","description":…
2025-06-04T19:11:49: 7:11:49 PM [express] GET /api/protocols 304 in 819ms :: [{"id":1,"number":1,"title":"So'z miqdorini …
2025-06-04T19:13:54: 7:13:54 PM [express] GET /api/protocols 304 in 635ms :: [{"id":1,"number":1,"title":"So'z miqdorini …
2025-06-04T19:13:54: 7:13:54 PM [express] GET /api/categories 304 in 648ms :: [{"id":1,"name":"Auditoriya","description":…
2025-06-04T19:14:04: 7:14:04 PM [express] GET /api/categories 304 in 463ms :: [{"id":1,"name":"Auditoriya","description":…
2025-06-04T19:14:04: 7:14:04 PM [express] GET /api/protocols 304 in 464ms :: [{"id":1,"number":1,"title":"So'z miqdorini …
2025-06-04T19:14:05: 7:14:05 PM [express] GET /api/protocols 304 in 285ms :: [{"id":1,"number":1,"title":"So'z miqdorini …
2025-06-04T19:14:05: 7:14:05 PM [express] GET /api/categories 304 in 293ms :: [{"id":1,"name":"Auditoriya","description":…
2025-06-04T19:14:08: 7:14:08 PM [express] GET /api/categories 200 in 282ms :: [{"id":1,"name":"Auditoriya","description":…
2025-06-04T19:14:08: 7:14:08 PM [express] GET /api/protocols 200 in 289ms :: [{"id":1,"number":1,"title":"So'z miqdorini …
2025-06-04T19:16:04: 7:16:04 PM [express] GET /api/categories 304 in 274ms :: [{"id":1,"name":"Auditoriya","description":…
2025-06-04T19:16:04: 7:16:04 PM [express] GET /api/protocols 304 in 471ms :: [{"id":1,"number":1,"title":"So'z miqdorini …
2025-06-04T19:16:11: 7:16:11 PM [express] GET /api/protocols 200 in 497ms :: [{"id":21,"number":21,"title":"Bahola, bahol…
2025-06-04T19:28:20: 7:28:20 PM [express] GET /api/protocols 304 in 967ms :: [{"id":1,"number":1,"title":"So'z miqdorini …
2025-06-04T19:28:20: 7:28:20 PM [express] GET /api/categories 304 in 1047ms :: [{"id":1,"name":"Auditoriya","description"…
2025-06-04T19:28:25: 7:28:25 PM [express] GET /api/protocols/1 200 in 844ms :: {"id":1,"number":1,"title":"So'z miqdorini…
2025-06-04T19:28:29: 7:28:29 PM [express] GET /api/protocols/5 200 in 655ms :: {"id":5,"number":5,"title":"Vaqt chegarasi…
2025-06-04T19:28:58: 7:28:58 PM [express] GET /api/protocols/9 200 in 497ms :: {"id":9,"number":9,"title":"Har tomondan t…
2025-06-04T19:29:04: 7:29:04 PM [express] GET /api/protocols/20 200 in 469ms :: {"id":20,"number":20,"title":"O'zini o'zi…
2025-06-04T19:44:52: 7:44:52 PM [express] GET /api/protocols 200 in 981ms :: [{"id":1,"number":1,"title":"So'z miqdorini …
2025-06-04T19:57:07: 7:57:07 PM [express] GET /api/protocols 200 in 984ms :: [{"id":1,"number":1,"title":"So'z miqdorini …
2025-06-04T19:57:07: 7:57:07 PM [express] GET /api/categories 200 in 1068ms :: [{"id":1,"name":"Auditoriya","description"…
2025-06-04T19:57:08: 7:57:08 PM [express] GET /api/protocols 304 in 291ms :: [{"id":1,"number":1,"title":"So'z miqdorini …
2025-06-04T19:57:09: 7:57:09 PM [express] GET /api/protocols/1 304 in 629ms :: {"id":1,"number":1,"title":"So'z miqdorini…
2025-06-04T19:57:23: 7:57:23 PM [express] GET /api/categories 200 in 462ms :: [{"id":1,"name":"Auditoriya","description":…
2025-06-04T19:57:23: 7:57:23 PM [express] GET /api/protocols 200 in 468ms :: [{"id":1,"number":1,"title":"So'z miqdorini …
2025-06-04T19:57:34: 7:57:34 PM [express] GET /api/categories 200 in 816ms :: [{"id":1,"name":"Auditoriya","description":…
2025-06-04T19:57:34: 7:57:34 PM [express] GET /api/protocols 200 in 859ms :: [{"id":1,"number":1,"title":"So'z miqdorini …
2025-06-04T19:57:37: 7:57:37 PM [express] GET /api/protocols/2 200 in 643ms :: {"id":2,"number":2,"title":"Raqamlangan ro…
2025-06-04T20:02:06: 8:02:06 PM [express] GET /api/categories 200 in 961ms :: [{"id":1,"name":"Auditoriya","description":…
2025-06-04T20:02:06: 8:02:06 PM [express] GET /api/protocols 200 in 1064ms :: [{"id":1,"number":1,"title":"So'z miqdorini…
2025-06-04T20:02:09: 8:02:09 PM [express] GET /api/protocols/1 200 in 282ms :: {"id":1,"number":1,"title":"So'z miqdorini…
2025-06-05T02:47:09: 2:47:09 AM [express] serving on port 5757
2025-06-05T02:47:10: Supabase REST API connected successfully
2025-06-05T02:47:10: Error seeding database: Cannot read properties of null (reading 'select')
2025-06-05T03:15:42: 3:15:42 AM [express] serving on port 5757
2025-06-05T03:15:43: Supabase REST API connected successfully
2025-06-05T03:15:43: Error seeding database: Cannot read properties of null (reading 'select')
2025-06-05T19:18:45: 7:18:45 PM [express] serving on port 5757
2025-06-05T19:18:46: Supabase REST API connected successfully
2025-06-05T19:18:46: Error seeding database: Cannot read properties of null (reading 'select')
2025-06-05T19:19:05: 7:19:05 PM [express] GET /api/protocols 200 in 927ms :: [{"id":1,"number":1,"title":"So'z miqdorini …
2025-06-05T19:20:25: 7:20:25 PM [express] POST /api/auth/login 401 in 1ms :: {"message":"Invalid credentials"}
