2025-06-04T12:26:48: Error: listen EADDRINUSE: address already in use 0.0.0.0:5000
2025-06-04T12:26:48:     at Server.setupListenHandle [as _listen2] (node:net:1908:16)
2025-06-04T12:26:48:     at listenInCluster (node:net:1965:12)
2025-06-04T12:26:48:     at doListen (node:net:2139:7)
2025-06-04T12:26:48:     at process.processTicksAndRejections (node:internal/process/task_queues:83:21) {
2025-06-04T12:26:48:   code: 'EADDRINUSE',
2025-06-04T12:26:48:   errno: -48,
2025-06-04T12:26:48:   syscall: 'listen',
2025-06-04T12:26:48:   address: '0.0.0.0',
2025-06-04T12:26:48:   port: 5000
2025-06-04T12:26:48: }
2025-06-04T12:26:48: Error: listen EADDRINUSE: address already in use 0.0.0.0:5000
2025-06-04T12:26:48:     at Server.setupListenHandle [as _listen2] (node:net:1908:16)
2025-06-04T12:26:48:     at listenInCluster (node:net:1965:12)
2025-06-04T12:26:48:     at doListen (node:net:2139:7)
2025-06-04T12:26:48:     at process.processTicksAndRejections (node:internal/process/task_queues:83:21) {
2025-06-04T12:26:48:   code: 'EADDRINUSE',
2025-06-04T12:26:48:   errno: -48,
2025-06-04T12:26:48:   syscall: 'listen',
2025-06-04T12:26:48:   address: '0.0.0.0',
2025-06-04T12:26:48:   port: 5000
2025-06-04T12:26:48: }
2025-06-04T12:26:48: Error: listen EADDRINUSE: address already in use 0.0.0.0:5000
2025-06-04T12:26:48:     at Server.setupListenHandle [as _listen2] (node:net:1908:16)
2025-06-04T12:26:48:     at listenInCluster (node:net:1965:12)
2025-06-04T12:26:48:     at doListen (node:net:2139:7)
2025-06-04T12:26:48:     at process.processTicksAndRejections (node:internal/process/task_queues:83:21) {
2025-06-04T12:26:48:   code: 'EADDRINUSE',
2025-06-04T12:26:48:   errno: -48,
2025-06-04T12:26:48:   syscall: 'listen',
2025-06-04T12:26:48:   address: '0.0.0.0',
2025-06-04T12:26:48:   port: 5000
2025-06-04T12:26:48: }
2025-06-04T12:26:48: Error: listen EADDRINUSE: address already in use 0.0.0.0:5000
2025-06-04T12:26:48:     at Server.setupListenHandle [as _listen2] (node:net:1908:16)
2025-06-04T12:26:48:     at listenInCluster (node:net:1965:12)
2025-06-04T12:26:48:     at doListen (node:net:2139:7)
2025-06-04T12:26:48:     at process.processTicksAndRejections (node:internal/process/task_queues:83:21) {
2025-06-04T12:26:48:   code: 'EADDRINUSE',
2025-06-04T12:26:48:   errno: -48,
2025-06-04T12:26:48:   syscall: 'listen',
2025-06-04T12:26:48:   address: '0.0.0.0',
2025-06-04T12:26:48:   port: 5000
2025-06-04T12:26:48: }
2025-06-04T12:26:48: Error: listen EADDRINUSE: address already in use 0.0.0.0:5000
2025-06-04T12:26:48:     at Server.setupListenHandle [as _listen2] (node:net:1908:16)
2025-06-04T12:26:48:     at listenInCluster (node:net:1965:12)
2025-06-04T12:26:48:     at doListen (node:net:2139:7)
2025-06-04T12:26:48:     at process.processTicksAndRejections (node:internal/process/task_queues:83:21) {
2025-06-04T12:26:48:   code: 'EADDRINUSE',
2025-06-04T12:26:48:   errno: -48,
2025-06-04T12:26:48:   syscall: 'listen',
2025-06-04T12:26:48:   address: '0.0.0.0',
2025-06-04T12:26:48:   port: 5000
2025-06-04T12:26:48: }
2025-06-04T12:26:48: Error: listen EADDRINUSE: address already in use 0.0.0.0:5000
2025-06-04T12:26:48:     at Server.setupListenHandle [as _listen2] (node:net:1908:16)
2025-06-04T12:26:48:     at listenInCluster (node:net:1965:12)
2025-06-04T12:26:48:     at doListen (node:net:2139:7)
2025-06-04T12:26:48:     at process.processTicksAndRejections (node:internal/process/task_queues:83:21) {
2025-06-04T12:26:48:   code: 'EADDRINUSE',
2025-06-04T12:26:48:   errno: -48,
2025-06-04T12:26:48:   syscall: 'listen',
2025-06-04T12:26:48:   address: '0.0.0.0',
2025-06-04T12:26:48:   port: 5000
2025-06-04T12:26:48: }
2025-06-04T12:26:49: Error: listen EADDRINUSE: address already in use 0.0.0.0:5000
2025-06-04T12:26:49:     at Server.setupListenHandle [as _listen2] (node:net:1908:16)
2025-06-04T12:26:49:     at listenInCluster (node:net:1965:12)
2025-06-04T12:26:49:     at doListen (node:net:2139:7)
2025-06-04T12:26:49:     at process.processTicksAndRejections (node:internal/process/task_queues:83:21) {
2025-06-04T12:26:49:   code: 'EADDRINUSE',
2025-06-04T12:26:49:   errno: -48,
2025-06-04T12:26:49:   syscall: 'listen',
2025-06-04T12:26:49:   address: '0.0.0.0',
2025-06-04T12:26:49:   port: 5000
2025-06-04T12:26:49: }
2025-06-04T12:26:49: Error: listen EADDRINUSE: address already in use 0.0.0.0:5000
2025-06-04T12:26:49:     at Server.setupListenHandle [as _listen2] (node:net:1908:16)
2025-06-04T12:26:49:     at listenInCluster (node:net:1965:12)
2025-06-04T12:26:49:     at doListen (node:net:2139:7)
2025-06-04T12:26:49:     at process.processTicksAndRejections (node:internal/process/task_queues:83:21) {
2025-06-04T12:26:49:   code: 'EADDRINUSE',
2025-06-04T12:26:49:   errno: -48,
2025-06-04T12:26:49:   syscall: 'listen',
2025-06-04T12:26:49:   address: '0.0.0.0',
2025-06-04T12:26:49:   port: 5000
2025-06-04T12:26:49: }
2025-06-04T12:26:49: Error: listen EADDRINUSE: address already in use 0.0.0.0:5000
2025-06-04T12:26:49:     at Server.setupListenHandle [as _listen2] (node:net:1908:16)
2025-06-04T12:26:49:     at listenInCluster (node:net:1965:12)
2025-06-04T12:26:49:     at doListen (node:net:2139:7)
2025-06-04T12:26:49:     at process.processTicksAndRejections (node:internal/process/task_queues:83:21) {
2025-06-04T12:26:49:   code: 'EADDRINUSE',
2025-06-04T12:26:49:   errno: -48,
2025-06-04T12:26:49:   syscall: 'listen',
2025-06-04T12:26:49:   address: '0.0.0.0',
2025-06-04T12:26:49:   port: 5000
2025-06-04T12:26:49: }
2025-06-04T12:26:49: Error: listen EADDRINUSE: address already in use 0.0.0.0:5000
2025-06-04T12:26:49:     at Server.setupListenHandle [as _listen2] (node:net:1908:16)
2025-06-04T12:26:49:     at listenInCluster (node:net:1965:12)
2025-06-04T12:26:49:     at doListen (node:net:2139:7)
2025-06-04T12:26:49:     at process.processTicksAndRejections (node:internal/process/task_queues:83:21) {
2025-06-04T12:26:49:   code: 'EADDRINUSE',
2025-06-04T12:26:49:   errno: -48,
2025-06-04T12:26:49:   syscall: 'listen',
2025-06-04T12:26:49:   address: '0.0.0.0',
2025-06-04T12:26:49:   port: 5000
2025-06-04T12:26:49: }
2025-06-04T12:26:49: Error: listen EADDRINUSE: address already in use 0.0.0.0:5000
2025-06-04T12:26:49:     at Server.setupListenHandle [as _listen2] (node:net:1908:16)
2025-06-04T12:26:49:     at listenInCluster (node:net:1965:12)
2025-06-04T12:26:49:     at doListen (node:net:2139:7)
2025-06-04T12:26:49:     at process.processTicksAndRejections (node:internal/process/task_queues:83:21) {
2025-06-04T12:26:49:   code: 'EADDRINUSE',
2025-06-04T12:26:49:   errno: -48,
2025-06-04T12:26:49:   syscall: 'listen',
2025-06-04T12:26:49:   address: '0.0.0.0',
2025-06-04T12:26:49:   port: 5000
2025-06-04T12:26:49: }
2025-06-04T12:26:49: Error: listen EADDRINUSE: address already in use 0.0.0.0:5000
2025-06-04T12:26:49:     at Server.setupListenHandle [as _listen2] (node:net:1908:16)
2025-06-04T12:26:49:     at listenInCluster (node:net:1965:12)
2025-06-04T12:26:49:     at doListen (node:net:2139:7)
2025-06-04T12:26:49:     at process.processTicksAndRejections (node:internal/process/task_queues:83:21) {
2025-06-04T12:26:49:   code: 'EADDRINUSE',
2025-06-04T12:26:49:   errno: -48,
2025-06-04T12:26:49:   syscall: 'listen',
2025-06-04T12:26:49:   address: '0.0.0.0',
2025-06-04T12:26:49:   port: 5000
2025-06-04T12:26:49: }
2025-06-04T12:26:49: Error: listen EADDRINUSE: address already in use 0.0.0.0:5000
2025-06-04T12:26:49:     at Server.setupListenHandle [as _listen2] (node:net:1908:16)
2025-06-04T12:26:49:     at listenInCluster (node:net:1965:12)
2025-06-04T12:26:49:     at doListen (node:net:2139:7)
2025-06-04T12:26:49:     at process.processTicksAndRejections (node:internal/process/task_queues:83:21) {
2025-06-04T12:26:49:   code: 'EADDRINUSE',
2025-06-04T12:26:49:   errno: -48,
2025-06-04T12:26:49:   syscall: 'listen',
2025-06-04T12:26:49:   address: '0.0.0.0',
2025-06-04T12:26:49:   port: 5000
2025-06-04T12:26:49: }
2025-06-04T12:26:50: Error: listen EADDRINUSE: address already in use 0.0.0.0:5000
2025-06-04T12:26:50:     at Server.setupListenHandle [as _listen2] (node:net:1908:16)
2025-06-04T12:26:50:     at listenInCluster (node:net:1965:12)
2025-06-04T12:26:50:     at doListen (node:net:2139:7)
2025-06-04T12:26:50:     at process.processTicksAndRejections (node:internal/process/task_queues:83:21) {
2025-06-04T12:26:50:   code: 'EADDRINUSE',
2025-06-04T12:26:50:   errno: -48,
2025-06-04T12:26:50:   syscall: 'listen',
2025-06-04T12:26:50:   address: '0.0.0.0',
2025-06-04T12:26:50:   port: 5000
2025-06-04T12:26:50: }
2025-06-04T12:26:50: Error: listen EADDRINUSE: address already in use 0.0.0.0:5000
2025-06-04T12:26:50:     at Server.setupListenHandle [as _listen2] (node:net:1908:16)
2025-06-04T12:26:50:     at listenInCluster (node:net:1965:12)
2025-06-04T12:26:50:     at doListen (node:net:2139:7)
2025-06-04T12:26:50:     at process.processTicksAndRejections (node:internal/process/task_queues:83:21) {
2025-06-04T12:26:50:   code: 'EADDRINUSE',
2025-06-04T12:26:50:   errno: -48,
2025-06-04T12:26:50:   syscall: 'listen',
2025-06-04T12:26:50:   address: '0.0.0.0',
2025-06-04T12:26:50:   port: 5000
2025-06-04T12:26:50: }
2025-06-04T12:26:50: Error: listen EADDRINUSE: address already in use 0.0.0.0:5000
2025-06-04T12:26:50:     at Server.setupListenHandle [as _listen2] (node:net:1908:16)
2025-06-04T12:26:50:     at listenInCluster (node:net:1965:12)
2025-06-04T12:26:50:     at doListen (node:net:2139:7)
2025-06-04T12:26:50:     at process.processTicksAndRejections (node:internal/process/task_queues:83:21) {
2025-06-04T12:26:50:   code: 'EADDRINUSE',
2025-06-04T12:26:50:   errno: -48,
2025-06-04T12:26:50:   syscall: 'listen',
2025-06-04T12:26:50:   address: '0.0.0.0',
2025-06-04T12:26:50:   port: 5000
2025-06-04T12:26:50: }
