2025-06-04T12:40:05: 12:40:05 PM [express] serving on port 5757
2025-06-04T12:40:06: Supabase REST API connected successfully
2025-06-04T12:40:06: Error seeding database: Cannot read properties of null (reading 'select')
2025-06-04T12:41:02: 12:41:02 PM [express] GET /api/protocols 200 in 903ms :: [{"id":1,"number":1,"title":"So'z miqdorini …
2025-06-04T12:42:22: 12:42:22 PM [express] GET /api/categories 200 in 4ms :: []
2025-06-04T12:42:23: 12:42:23 PM [express] GET /api/protocols 200 in 948ms :: [{"id":1,"number":1,"title":"So'z miqdorini …
2025-06-04T12:42:25: 12:42:25 PM [express] GET /api/protocols 304 in 618ms :: [{"id":1,"number":1,"title":"So'z miqdorini …
2025-06-04T12:42:27: 12:42:27 PM [express] GET /api/protocols 304 in 279ms :: [{"id":1,"number":1,"title":"So'z miqdorini …
2025-06-04T12:42:36: 12:42:36 PM [express] GET /api/categories 200 in 1ms :: []
2025-06-04T12:42:37: 12:42:37 PM [express] GET /api/protocols 200 in 840ms :: [{"id":1,"number":1,"title":"So'z miqdorini …
2025-06-04T12:42:40: 12:42:40 PM [express] GET /api/protocols 304 in 644ms :: [{"id":1,"number":1,"title":"So'z miqdorini …
2025-06-04T12:42:42: 12:42:42 PM [express] GET /api/protocols 304 in 654ms :: [{"id":1,"number":1,"title":"So'z miqdorini …
2025-06-04T12:43:07: 12:43:07 PM [express] GET /api/categories 200 in 0ms :: []
2025-06-04T12:44:15: 12:44:15 PM [express] serving on port 5757
2025-06-04T12:44:16: Supabase REST API connected successfully
2025-06-04T12:44:16: Error seeding database: Cannot read properties of null (reading 'select')
2025-06-04T12:44:24: 12:44:24 PM [express] GET /api/categories 200 in 491ms :: [{"id":1,"name":"Audience","description":"T…
2025-06-04T12:44:34: 12:44:34 PM [express] GET /api/protocols 200 in 819ms :: [{"id":1,"number":1,"title":"So'z miqdorini …
2025-06-04T12:44:49: 12:44:49 PM [express] GET /api/categories 200 in 455ms :: [{"id":1,"name":"Audience","description":"T…
2025-06-04T12:44:49: 12:44:49 PM [express] GET /api/protocols 304 in 464ms :: [{"id":1,"number":1,"title":"So'z miqdorini …
2025-06-04T12:44:51: 12:44:51 PM [express] GET /api/protocols 304 in 620ms :: [{"id":1,"number":1,"title":"So'z miqdorini …
2025-06-04T12:44:53: 12:44:52 PM [express] GET /api/categories 304 in 292ms :: [{"id":1,"name":"Audience","description":"T…
2025-06-04T12:44:53: 12:44:53 PM [express] GET /api/protocols 304 in 298ms :: [{"id":1,"number":1,"title":"So'z miqdorini …
2025-06-04T12:45:02: 12:45:02 PM [express] GET /api/categories 304 in 455ms :: [{"id":1,"name":"Audience","description":"T…
2025-06-04T12:45:02: 12:45:02 PM [express] GET /api/protocols 304 in 458ms :: [{"id":1,"number":1,"title":"So'z miqdorini …
2025-06-04T12:50:23: 12:50:23 PM [express] GET /api/protocols 304 in 646ms :: [{"id":1,"number":1,"title":"So'z miqdorini …
2025-06-04T12:50:23: 12:50:23 PM [express] GET /api/categories 304 in 731ms :: [{"id":1,"name":"Audience","description":"T…
2025-06-04T12:51:14: 12:51:14 PM [express] GET /api/protocols 200 in 492ms :: [{"id":1,"number":1,"title":"So'z miqdorini …
2025-06-04T12:51:52: 12:51:52 PM [express] serving on port 5757
2025-06-04T12:51:52: Supabase REST API connected successfully
2025-06-04T12:51:52: Error seeding database: Cannot read properties of null (reading 'select')
2025-06-04T12:52:03: 12:52:03 PM [express] GET /api/protocols 200 in 483ms :: [{"id":1,"number":1,"title":"So'z miqdorini …
2025-06-04T12:52:13: 12:52:13 PM [express] serving on port 5757
2025-06-04T12:52:14: Supabase REST API connected successfully
2025-06-04T12:52:14: Error seeding database: Cannot read properties of null (reading 'select')
2025-06-04T12:52:23: 12:52:23 PM [express] GET /api/protocols 200 in 951ms :: [{"id":1,"number":1,"title":"So'z miqdorini …
2025-06-04T12:55:26: 12:55:26 PM [express] GET /api/protocols 200 in 652ms :: [{"id":1,"number":1,"title":"So'z miqdorini …
2025-06-04T12:55:52: 12:55:52 PM [express] GET /api/protocols 200 in 459ms :: [{"id":1,"number":1,"title":"So'z miqdorini …
2025-06-04T12:55:52: 12:55:52 PM [express] GET /api/categories 304 in 888ms :: [{"id":1,"name":"Audience","description":"T…
2025-06-04T12:55:54: 12:55:54 PM [express] GET /api/protocols 304 in 275ms :: [{"id":1,"number":1,"title":"So'z miqdorini …
2025-06-04T12:55:54: 12:55:54 PM [express] GET /api/categories 304 in 288ms :: [{"id":1,"name":"Audience","description":"T…
2025-06-04T12:55:58: 12:55:58 PM [express] GET /api/protocols 200 in 279ms :: [{"id":21,"number":21,"title":"Bahola, bahol…
2025-06-04T12:56:04: 12:56:04 PM [express] GET /api/protocols 200 in 467ms :: [{"id":41,"number":41,"title":"Fe'ldan boshl…
2025-06-04T12:56:13: 12:56:13 PM [express] GET /api/protocols/17 404 in 3ms :: {"message":"Protocol not found"}
2025-06-04T12:56:17: 12:56:17 PM [express] GET /api/protocols/3 404 in 3ms :: {"message":"Protocol not found"}
2025-06-04T12:56:20: 12:56:20 PM [express] GET /api/protocols/18 404 in 1ms :: {"message":"Protocol not found"}
2025-06-04T12:56:22: 12:56:22 PM [express] GET /api/protocols/16 404 in 2ms :: {"message":"Protocol not found"}
2025-06-04T12:56:25: 12:56:25 PM [express] GET /api/protocols/1 404 in 2ms :: {"message":"Protocol not found"}
2025-06-04T12:57:19: 12:57:19 PM [express] GET /api/protocols/1 404 in 1ms :: {"message":"Protocol not found"}
2025-06-04T12:58:15: 12:58:15 PM [express] serving on port 5757
2025-06-04T12:58:16: Supabase REST API connected successfully
2025-06-04T12:58:16: Error seeding database: Cannot read properties of null (reading 'select')
2025-06-04T12:58:32: 12:58:32 PM [express] GET /api/protocols/1 200 in 513ms :: {"id":1,"number":1,"title":"So'z miqdorini…
2025-06-04T12:58:47: 12:58:47 PM [express] GET /api/protocols/1 200 in 858ms :: {"id":1,"number":1,"title":"So'z miqdorini…
2025-06-04T12:58:50: 12:58:50 PM [express] GET /api/categories 304 in 291ms :: [{"id":1,"name":"Audience","description":"T…
2025-06-04T12:58:50: 12:58:50 PM [express] GET /api/protocols 304 in 456ms :: [{"id":1,"number":1,"title":"So'z miqdorini …
2025-06-04T12:58:51: 12:58:51 PM [express] GET /api/protocols/2 200 in 272ms :: {"id":2,"number":2,"title":"Raqamlangan ro…
2025-06-04T12:58:59: 12:58:59 PM [express] GET /api/protocols 200 in 838ms :: [{"id":1,"number":1,"title":"So'z miqdorini …
2025-06-04T12:59:23: 12:59:23 PM [express] GET /api/protocols 200 in 488ms :: [{"id":4,"number":4,"title":"Mutaxassislik d…
2025-06-04T12:59:24: 12:59:24 PM [express] GET /api/protocols 200 in 293ms :: [{"id":8,"number":8,"title":"Temperatura naz…
2025-06-04T12:59:25: 12:59:25 PM [express] GET /api/protocols 200 in 294ms :: []
2025-06-04T12:59:26: 12:59:26 PM [express] GET /api/protocols 200 in 291ms :: [{"id":1,"number":1,"title":"So'z miqdorini …
2025-06-04T12:59:27: 12:59:27 PM [express] GET /api/protocols 200 in 277ms :: [{"id":6,"number":6,"title":"Dalil turlarini…
2025-06-04T12:59:28: 12:59:28 PM [express] GET /api/protocols 200 in 287ms :: [{"id":3,"number":3,"title":"Noaniq iboralar…
2025-06-04T13:01:01: 1:01:01 PM [express] GET /api/protocols 304 in 644ms :: [{"id":21,"number":21,"title":"Bahola, bahol…
2025-06-04T13:01:27: 1:01:27 PM [express] GET /api/protocols/35 200 in 468ms :: {"id":35,"number":35,"title":"Rol almasht…
2025-06-04T13:01:37: 1:01:37 PM [express] GET /api/protocols 304 in 525ms :: [{"id":41,"number":41,"title":"Fe'ldan boshl…
2025-06-04T13:02:37: 1:02:37 PM [express] GET /api/protocols 200 in 825ms :: [{"id":1,"number":1,"title":"So'z miqdorini …
2025-06-04T13:05:02: 1:05:02 PM [express] GET /api/protocols 200 in 487ms :: [{"id":1,"number":1,"title":"So'z miqdorini …
2025-06-04T13:05:10: 1:05:10 PM [express] GET /api/protocols 200 in 483ms :: [{"id":1,"number":1,"title":"So'z miqdorini …
2025-06-04T13:05:18: 1:05:18 PM [express] GET /api/protocols 200 in 453ms :: [{"id":1,"number":1,"title":"So'z miqdorini …
2025-06-04T13:05:30: 1:05:30 PM [express] GET /api/protocols 200 in 479ms :: [{"id":1,"number":1,"title":"So'z miqdorini …
2025-06-04T13:05:30: 1:05:30 PM [express] GET /api/categories 304 in 490ms :: [{"id":1,"name":"Audience","description":"T…
2025-06-04T13:05:39: 1:05:39 PM [express] GET /api/protocols 200 in 485ms :: [{"id":21,"number":21,"title":"Bahola, bahol…
2025-06-04T13:05:56: 1:05:56 PM [express] GET /api/protocols 200 in 625ms :: [{"id":1,"number":1,"title":"So'z miqdorini …
2025-06-04T13:08:15: 1:08:15 PM [express] serving on port 5757
2025-06-04T13:08:16: Supabase REST API connected successfully
2025-06-04T13:08:16: Error seeding database: Cannot read properties of null (reading 'select')
2025-06-04T13:08:29: 1:08:29 PM [express] POST /api/protocols 201 in 519ms :: {"id":58,"number":999,"title":"Test Protoco…
2025-06-04T13:08:44: 1:08:44 PM [express] PUT /api/protocols/58 200 in 820ms :: {"id":58,"number":999,"title":"Updated Te…
2025-06-04T13:08:52: 1:08:52 PM [express] DELETE /api/protocols/58 200 in 491ms :: {"message":"Protocol deleted successfu…
2025-06-04T13:08:58: 1:08:58 PM [express] GET /api/protocols/58 404 in 485ms :: {"message":"Protocol not found"}
2025-06-04T13:09:11: 1:09:11 PM [express] GET /api/categories 304 in 457ms :: [{"id":1,"name":"Audience","description":"T…
2025-06-04T13:09:11: 1:09:11 PM [express] GET /api/protocols 304 in 483ms :: [{"id":1,"number":1,"title":"So'z miqdorini …
2025-06-04T13:09:36: 1:09:36 PM [express] GET /api/protocols 304 in 470ms :: [{"id":1,"number":1,"title":"So'z miqdorini …
2025-06-04T13:09:38: 1:09:38 PM [express] GET /api/protocols/1 304 in 279ms :: {"id":1,"number":1,"title":"So'z miqdorini…
2025-06-04T13:13:40: 1:13:40 PM [express] GET /api/protocols 200 in 645ms :: [{"id":1,"number":1,"title":"So'z miqdorini …
2025-06-04T13:13:40: 1:13:40 PM [express] GET /api/categories 200 in 682ms :: [{"id":1,"name":"Audience","description":"T…
2025-06-04T13:13:42: 1:13:42 PM [express] GET /api/protocols/1 200 in 289ms :: {"id":1,"number":1,"title":"So'z miqdorini…
2025-06-04T13:16:40: 1:16:40 PM [express] GET /api/protocols/1 200 in 453ms :: {"id":1,"number":1,"title":"So'z miqdorini…
2025-06-04T13:17:39: 1:17:39 PM [express] GET /api/protocols/1 200 in 466ms :: {"id":1,"number":1,"title":"So'z miqdorini…
2025-06-04T13:17:50: 1:17:50 PM [express] GET /api/protocols 200 in 469ms :: [{"id":1,"number":1,"title":"So'z miqdorini …
2025-06-04T13:18:00: 1:18:00 PM [express] GET /api/protocols/27 200 in 464ms :: {"id":27,"number":27,"title":"Qarama-qars…
2025-06-04T13:18:08: 1:18:08 PM [express] GET /api/protocols/37 200 in 467ms :: {"id":37,"number":37,"title":"Super-Kreat…
2025-06-04T13:18:32: 1:18:32 PM [express] GET /api/protocols/1 200 in 611ms :: {"id":1,"number":1,"title":"So'z miqdorini…
2025-06-04T13:18:39: 1:18:39 PM [express] GET /api/categories 304 in 467ms :: [{"id":1,"name":"Audience","description":"T…
2025-06-04T13:18:39: 1:18:39 PM [express] GET /api/protocols 200 in 487ms :: [{"id":1,"number":1,"title":"So'z miqdorini …
2025-06-04T13:18:42: 1:18:42 PM [express] GET /api/protocols 200 in 291ms :: [{"id":21,"number":21,"title":"Bahola, bahol…
2025-06-04T13:18:49: 1:18:49 PM [express] GET /api/protocols 200 in 466ms :: [{"id":41,"number":41,"title":"Fe'ldan boshl…
2025-06-04T13:19:47: 1:19:47 PM [express] GET /api/categories 200 in 472ms :: [{"id":1,"name":"Audience","description":"T…
2025-06-04T13:19:48: 1:19:48 PM [express] GET /api/protocols 200 in 851ms :: [{"id":1,"number":1,"title":"So'z miqdorini …
2025-06-04T13:19:50: 1:19:50 PM [express] GET /api/protocols 304 in 296ms :: [{"id":21,"number":21,"title":"Bahola, bahol…
2025-06-04T13:21:45: 1:21:45 PM [express] GET /api/categories 200 in 672ms :: [{"id":1,"name":"Audience","description":"T…
2025-06-04T13:21:45: 1:21:45 PM [express] GET /api/protocols 200 in 678ms :: [{"id":1,"number":1,"title":"So'z miqdorini …
2025-06-04T13:21:56: 1:21:56 PM [express] GET /api/protocols 200 in 3ms :: []
2025-06-04T13:21:56: 1:21:56 PM [express] GET /api/protocols 200 in 1ms :: []
2025-06-04T13:25:40: 1:25:40 PM [express] GET /api/protocols/1 200 in 485ms :: {"id":1,"number":1,"title":"So'z miqdorini…
2025-06-04T13:25:48: 1:25:48 PM [express] GET /api/protocols/27 200 in 857ms :: {"id":27,"number":27,"title":"Qarama-qars…
2025-06-04T13:25:55: 1:25:55 PM [express] GET /api/protocols/37 200 in 616ms :: {"id":37,"number":37,"title":"Super-Kreat…
2025-06-04T13:26:05: 1:26:05 PM [express] GET /api/protocols/56 200 in 821ms :: {"id":56,"number":56,"title":"Ehtimollikn…
2025-06-04T13:26:31: 1:26:31 PM [express] GET /api/categories 200 in 482ms :: [{"id":1,"name":"Audience","description":"T…
2025-06-04T13:26:31: 1:26:31 PM [express] GET /api/protocols 200 in 496ms :: [{"id":1,"number":1,"title":"So'z miqdorini …
2025-06-04T13:26:34: 1:26:34 PM [express] GET /api/protocols 200 in 284ms :: [{"id":21,"number":21,"title":"Bahola, bahol…
2025-06-04T13:26:37: 1:26:37 PM [express] GET /api/protocols 200 in 641ms :: [{"id":41,"number":41,"title":"Sabab-natija …
2025-06-04T13:26:43: 1:26:43 PM [express] GET /api/protocols/5 200 in 469ms :: {"id":5,"number":5,"title":"Vaqt chegarasi…
2025-06-04T18:17:06: 6:17:06 PM [express] GET /api/protocols/1 304 in 1262ms :: {"id":1,"number":1,"title":"So'z miqdorin…
2025-06-04T18:17:09: 6:17:09 PM [express] GET /api/protocols/2 200 in 637ms :: {"id":2,"number":2,"title":"Raqamlangan ro…
2025-06-04T18:17:16: 6:17:16 PM [express] GET /api/protocols 304 in 807ms :: [{"id":21,"number":21,"title":"Bahola, bahol…
2025-06-04T18:51:50: 6:51:50 PM [express] GET /api/protocols/2 304 in 1018ms :: {"id":2,"number":2,"title":"Raqamlangan r…
2025-06-04T18:51:53: 6:51:53 PM [express] GET /api/protocols 304 in 295ms :: [{"id":1,"number":1,"title":"So'z miqdorini …
2025-06-04T18:51:55: 6:51:55 PM [express] GET /api/protocols/3 200 in 633ms :: {"id":3,"number":3,"title":"Noaniq iborala…
2025-06-04T18:51:59: 6:51:59 PM [express] GET /api/protocols/20 200 in 640ms :: {"id":20,"number":20,"title":"O'zini o'zi…
2025-06-04T18:52:04: 6:52:04 PM [express] GET /api/protocols 200 in 826ms :: [{"id":4,"number":4,"title":"Mutaxassislik d…
2025-06-04T18:52:06: 6:52:06 PM [express] GET /api/protocols 200 in 626ms :: [{"id":8,"number":8,"title":"Temperatura naz…
2025-06-04T18:52:15: 6:52:15 PM [express] GET /api/categories 200 in 466ms :: [{"id":1,"name":"Audience","description":"T…
2025-06-04T18:52:15: 6:52:15 PM [express] GET /api/protocols 200 in 875ms :: [{"id":1,"number":1,"title":"So'z miqdorini …
2025-06-04T18:52:16: 6:52:16 PM [express] GET /api/protocols/2 304 in 300ms :: {"id":2,"number":2,"title":"Raqamlangan ro…
2025-06-04T18:53:05: 6:53:05 PM [express] GET /api/protocols/11 200 in 839ms :: {"id":11,"number":11,"title":"Aniq manbaa…
2025-06-04T18:53:09: 6:53:09 PM [express] GET /api/protocols 200 in 300ms :: [{"id":1,"number":1,"title":"So'z miqdorini …
2025-06-04T18:53:21: 6:53:21 PM [express] GET /api/protocols 304 in 458ms :: [{"id":21,"number":21,"title":"Bahola, bahol…
2025-06-04T18:53:23: 6:53:23 PM [express] GET /api/protocols 304 in 282ms :: [{"id":41,"number":41,"title":"Sabab-natija …
2025-06-04T18:53:29: 6:53:29 PM [express] GET /api/protocols/5 304 in 801ms :: {"id":5,"number":5,"title":"Vaqt chegarasi…
2025-06-04T18:53:41: 6:53:41 PM [express] GET /api/protocols/5 200 in 454ms :: {"id":5,"number":5,"title":"Vaqt chegarasi…
2025-06-04T18:55:17: 6:55:17 PM [express] GET /api/protocols/5 200 in 615ms :: {"id":5,"number":5,"title":"Vaqt chegarasi…
2025-06-04T18:56:20: 6:56:20 PM [express] GET /api/protocols/5 304 in 836ms :: {"id":5,"number":5,"title":"Vaqt chegarasi…
2025-06-04T18:56:23: 6:56:23 PM [express] GET /api/protocols/5 304 in 280ms :: {"id":5,"number":5,"title":"Vaqt chegarasi…
2025-06-04T18:56:32: 6:56:32 PM [express] GET /api/protocols/5 304 in 795ms :: {"id":5,"number":5,"title":"Vaqt chegarasi…
2025-06-04T18:56:39: 6:56:39 PM [express] GET /api/protocols/5 200 in 874ms :: {"id":5,"number":5,"title":"Vaqt chegarasi…
2025-06-04T18:56:48: 6:56:48 PM [express] GET /api/categories 200 in 473ms :: [{"id":1,"name":"Auditoriya","description":…
2025-06-04T18:56:48: 6:56:48 PM [express] GET /api/protocols 200 in 495ms :: [{"id":1,"number":1,"title":"So'z miqdorini …
2025-06-04T18:56:50: 6:56:50 PM [express] GET /api/protocols/1 200 in 630ms :: {"id":1,"number":1,"title":"So'z miqdorini…
2025-06-04T18:57:18: 6:57:18 PM [express] GET /api/categories 200 in 469ms :: [{"id":1,"name":"Auditoriya","description":…
2025-06-04T18:57:18: 6:57:18 PM [express] GET /api/protocols 200 in 480ms :: [{"id":1,"number":1,"title":"So'z miqdorini …
2025-06-04T18:57:20: 6:57:20 PM [express] GET /api/protocols/2 200 in 281ms :: {"id":2,"number":2,"title":"Raqamlangan ro…
2025-06-04T18:59:17: 6:59:17 PM [express] GET /api/protocols/2 200 in 999ms :: {"id":2,"number":2,"title":"Raqamlangan ro…
2025-06-04T18:59:22: 6:59:22 PM [express] GET /api/protocols/2 200 in 459ms :: {"id":2,"number":2,"title":"Raqamlangan ro…
2025-06-04T18:59:31: 6:59:31 PM [express] GET /api/protocols 304 in 539ms :: [{"id":1,"number":1,"title":"So'z miqdorini …
2025-06-04T18:59:32: 6:59:32 PM [express] GET /api/categories 304 in 843ms :: [{"id":1,"name":"Auditoriya","description":…
2025-06-04T19:01:50: 7:01:50 PM [express] GET /api/protocols/2 200 in 615ms :: {"id":2,"number":2,"title":"Raqamlangan ro…
2025-06-04T19:06:55: 7:06:55 PM [express] GET /api/protocols 304 in 631ms :: [{"id":1,"number":1,"title":"So'z miqdorini …
2025-06-04T19:06:55: 7:06:55 PM [express] GET /api/categories 304 in 667ms :: [{"id":1,"name":"Auditoriya","description":…
2025-06-04T19:06:59: 7:06:59 PM [express] GET /api/protocols/2 200 in 272ms :: {"id":2,"number":2,"title":"Raqamlangan ro…
2025-06-04T19:07:23: 7:07:23 PM [express] GET /api/categories 304 in 800ms :: [{"id":1,"name":"Auditoriya","description":…
2025-06-04T19:07:23: 7:07:23 PM [express] GET /api/protocols 304 in 841ms :: [{"id":1,"number":1,"title":"So'z miqdorini …
2025-06-04T19:07:45: 7:07:45 PM [express] GET /api/protocols 200 in 814ms :: []
2025-06-04T19:07:47: 7:07:47 PM [express] GET /api/protocols 200 in 623ms :: [{"id":8,"number":8,"title":"Temperatura naz…
2025-06-04T19:07:48: 7:07:48 PM [express] GET /api/protocols 200 in 285ms :: [{"id":4,"number":4,"title":"Mutaxassislik d…
2025-06-04T19:07:50: 7:07:50 PM [express] GET /api/protocols 200 in 286ms :: [{"id":3,"number":3,"title":"Noaniq iboralar…
2025-06-04T19:07:52: 7:07:52 PM [express] GET /api/protocols 200 in 285ms :: [{"id":6,"number":6,"title":"Dalil turlarini…
2025-06-04T19:07:56: 7:07:56 PM [express] GET /api/protocols/9 200 in 297ms :: {"id":9,"number":9,"title":"Har tomondan t…
2025-06-04T19:09:32: 7:09:32 PM [express] GET /api/protocols/9 200 in 623ms :: {"id":9,"number":9,"title":"Har tomondan t…
2025-06-04T19:09:34: 7:09:34 PM [express] GET /api/categories 304 in 287ms :: [{"id":1,"name":"Auditoriya","description":…
2025-06-04T19:09:34: 7:09:34 PM [express] GET /api/protocols 304 in 473ms :: [{"id":1,"number":1,"title":"So'z miqdorini …
2025-06-04T19:09:37: 7:09:37 PM [express] GET /api/protocols 200 in 628ms :: [{"id":1,"number":1,"title":"So'z miqdorini …
2025-06-04T19:09:37: 7:09:37 PM [express] GET /api/categories 200 in 644ms :: [{"id":1,"name":"Auditoriya","description":…
2025-06-04T19:11:02: 7:11:02 PM [express] GET /api/categories 200 in 844ms :: [{"id":1,"name":"Auditoriya","description":…
2025-06-04T19:11:02: 7:11:02 PM [express] GET /api/protocols 200 in 864ms :: [{"id":1,"number":1,"title":"So'z miqdorini …
2025-06-04T19:11:04: 7:11:04 PM [express] GET /api/categories 200 in 284ms :: [{"id":1,"name":"Auditoriya","description":…
2025-06-04T19:11:04: 7:11:04 PM [express] GET /api/protocols 200 in 292ms :: [{"id":1,"number":1,"title":"So'z miqdorini …
2025-06-04T19:11:18: 7:11:18 PM [express] GET /api/protocols 304 in 486ms :: [{"id":4,"number":4,"title":"Mutaxassislik d…
2025-06-04T19:11:25: 7:11:25 PM [express] GET /api/protocols 304 in 457ms :: [{"id":1,"number":1,"title":"So'z miqdorini …
2025-06-04T19:11:25: 7:11:25 PM [express] GET /api/categories 304 in 476ms :: [{"id":1,"name":"Auditoriya","description":…
2025-06-04T19:11:26: 7:11:26 PM [express] GET /api/categories 304 in 293ms :: [{"id":1,"name":"Auditoriya","description":…
2025-06-04T19:11:26: 7:11:26 PM [express] GET /api/protocols 304 in 293ms :: [{"id":1,"number":1,"title":"So'z miqdorini …
2025-06-04T19:11:43: 7:11:43 PM [express] GET /api/protocols/2 304 in 844ms :: {"id":2,"number":2,"title":"Raqamlangan ro…
2025-06-04T19:11:44: 7:11:44 PM [express] GET /api/protocols 200 in 295ms :: [{"id":1,"number":1,"title":"So'z miqdorini …
2025-06-04T19:11:44: 7:11:44 PM [express] GET /api/categories 200 in 808ms :: [{"id":1,"name":"Auditoriya","description":…
2025-06-04T19:11:49: 7:11:49 PM [express] GET /api/categories 304 in 294ms :: [{"id":1,"name":"Auditoriya","description":…
2025-06-04T19:11:49: 7:11:49 PM [express] GET /api/protocols 304 in 819ms :: [{"id":1,"number":1,"title":"So'z miqdorini …
2025-06-04T19:13:54: 7:13:54 PM [express] GET /api/protocols 304 in 635ms :: [{"id":1,"number":1,"title":"So'z miqdorini …
2025-06-04T19:13:54: 7:13:54 PM [express] GET /api/categories 304 in 648ms :: [{"id":1,"name":"Auditoriya","description":…
2025-06-04T19:14:04: 7:14:04 PM [express] GET /api/categories 304 in 463ms :: [{"id":1,"name":"Auditoriya","description":…
2025-06-04T19:14:04: 7:14:04 PM [express] GET /api/protocols 304 in 464ms :: [{"id":1,"number":1,"title":"So'z miqdorini …
2025-06-04T19:14:05: 7:14:05 PM [express] GET /api/protocols 304 in 285ms :: [{"id":1,"number":1,"title":"So'z miqdorini …
2025-06-04T19:14:05: 7:14:05 PM [express] GET /api/categories 304 in 293ms :: [{"id":1,"name":"Auditoriya","description":…
2025-06-04T19:14:08: 7:14:08 PM [express] GET /api/categories 200 in 282ms :: [{"id":1,"name":"Auditoriya","description":…
2025-06-04T19:14:08: 7:14:08 PM [express] GET /api/protocols 200 in 289ms :: [{"id":1,"number":1,"title":"So'z miqdorini …
2025-06-04T19:16:04: 7:16:04 PM [express] GET /api/categories 304 in 274ms :: [{"id":1,"name":"Auditoriya","description":…
2025-06-04T19:16:04: 7:16:04 PM [express] GET /api/protocols 304 in 471ms :: [{"id":1,"number":1,"title":"So'z miqdorini …
2025-06-04T19:16:11: 7:16:11 PM [express] GET /api/protocols 200 in 497ms :: [{"id":21,"number":21,"title":"Bahola, bahol…
2025-06-04T19:28:20: 7:28:20 PM [express] GET /api/protocols 304 in 967ms :: [{"id":1,"number":1,"title":"So'z miqdorini …
2025-06-04T19:28:20: 7:28:20 PM [express] GET /api/categories 304 in 1047ms :: [{"id":1,"name":"Auditoriya","description"…
2025-06-04T19:28:25: 7:28:25 PM [express] GET /api/protocols/1 200 in 844ms :: {"id":1,"number":1,"title":"So'z miqdorini…
2025-06-04T19:28:29: 7:28:29 PM [express] GET /api/protocols/5 200 in 655ms :: {"id":5,"number":5,"title":"Vaqt chegarasi…
2025-06-04T19:28:58: 7:28:58 PM [express] GET /api/protocols/9 200 in 497ms :: {"id":9,"number":9,"title":"Har tomondan t…
2025-06-04T19:29:04: 7:29:04 PM [express] GET /api/protocols/20 200 in 469ms :: {"id":20,"number":20,"title":"O'zini o'zi…
2025-06-04T19:44:52: 7:44:52 PM [express] GET /api/protocols 200 in 981ms :: [{"id":1,"number":1,"title":"So'z miqdorini …
2025-06-04T19:57:07: 7:57:07 PM [express] GET /api/protocols 200 in 984ms :: [{"id":1,"number":1,"title":"So'z miqdorini …
2025-06-04T19:57:07: 7:57:07 PM [express] GET /api/categories 200 in 1068ms :: [{"id":1,"name":"Auditoriya","description"…
2025-06-04T19:57:08: 7:57:08 PM [express] GET /api/protocols 304 in 291ms :: [{"id":1,"number":1,"title":"So'z miqdorini …
2025-06-04T19:57:09: 7:57:09 PM [express] GET /api/protocols/1 304 in 629ms :: {"id":1,"number":1,"title":"So'z miqdorini…
2025-06-04T19:57:23: 7:57:23 PM [express] GET /api/categories 200 in 462ms :: [{"id":1,"name":"Auditoriya","description":…
2025-06-04T19:57:23: 7:57:23 PM [express] GET /api/protocols 200 in 468ms :: [{"id":1,"number":1,"title":"So'z miqdorini …
2025-06-04T19:57:34: 7:57:34 PM [express] GET /api/categories 200 in 816ms :: [{"id":1,"name":"Auditoriya","description":…
2025-06-04T19:57:34: 7:57:34 PM [express] GET /api/protocols 200 in 859ms :: [{"id":1,"number":1,"title":"So'z miqdorini …
2025-06-04T19:57:37: 7:57:37 PM [express] GET /api/protocols/2 200 in 643ms :: {"id":2,"number":2,"title":"Raqamlangan ro…
2025-06-04T20:02:06: 8:02:06 PM [express] GET /api/categories 200 in 961ms :: [{"id":1,"name":"Auditoriya","description":…
2025-06-04T20:02:06: 8:02:06 PM [express] GET /api/protocols 200 in 1064ms :: [{"id":1,"number":1,"title":"So'z miqdorini…
2025-06-04T20:02:09: 8:02:09 PM [express] GET /api/protocols/1 200 in 282ms :: {"id":1,"number":1,"title":"So'z miqdorini…
2025-06-05T02:47:09: 2:47:09 AM [express] serving on port 5757
2025-06-05T02:47:10: Supabase REST API connected successfully
2025-06-05T02:47:10: Error seeding database: Cannot read properties of null (reading 'select')
2025-06-05T03:15:42: 3:15:42 AM [express] serving on port 5757
2025-06-05T03:15:43: Supabase REST API connected successfully
2025-06-05T03:15:43: Error seeding database: Cannot read properties of null (reading 'select')
2025-06-05T19:18:45: 7:18:45 PM [express] serving on port 5757
2025-06-05T19:18:46: Supabase REST API connected successfully
2025-06-05T19:18:46: Error seeding database: Cannot read properties of null (reading 'select')
2025-06-05T19:19:05: 7:19:05 PM [express] GET /api/protocols 200 in 927ms :: [{"id":1,"number":1,"title":"So'z miqdorini …
2025-06-05T19:20:25: 7:20:25 PM [express] POST /api/auth/login 401 in 1ms :: {"message":"Invalid credentials"}
2025-06-07T20:48:00: 8:48:00 PM [express] serving on port 5757
2025-06-07T20:48:00: Creating user_progress table via Supabase...
2025-06-07T20:48:00: ✅ user_progress table already exists and working!
2025-06-07T20:48:00: Supabase REST API connected successfully
2025-06-07T20:48:00: Error seeding database: Cannot read properties of null (reading 'select')
2025-06-08T11:42:24: Auth setup initialized - basic session-based auth
2025-06-08T11:42:24: Payme Configuration:
2025-06-08T11:42:24: - Merchant ID: 682c005253a2e309cf048d70
2025-06-08T11:42:24: - Environment: Production
2025-06-08T11:42:24: 11:42:24 AM [express] serving on port 5757
2025-06-08T11:42:25: Creating user_progress table via Supabase...
2025-06-08T11:42:26: ✅ user_progress table already exists and working!
2025-06-08T11:42:26: Supabase REST API connected successfully
2025-06-08T11:42:26: Error seeding database: Cannot read properties of null (reading 'select')
2025-06-08T12:01:11: Auth setup initialized - basic session-based auth
2025-06-08T12:01:11: Payme Configuration:
2025-06-08T12:01:11: - Merchant ID: 682c005253a2e309cf048d70
2025-06-08T12:01:11: - Environment: Production
2025-06-08T12:01:11: ATMOS Service initialized for store: -1981
2025-06-08T12:01:11: ✅ ATMOS routes configured
2025-06-08T12:01:11: 12:01:11 PM [express] serving on port 5757
2025-06-08T12:01:12: Creating user_progress table via Supabase...
2025-06-08T12:01:12: ✅ user_progress table already exists and working!
2025-06-08T12:01:12: Supabase REST API connected successfully
2025-06-08T12:01:12: Error seeding database: Cannot read properties of null (reading 'select')
2025-06-08T12:01:15: ATMOS Service initialized for store: -1981
2025-06-08T12:01:26: 12:01:26 PM [express] GET /api/atmos/test 500 in 10521ms :: {"success":false,"message":"Failed to get…
2025-06-08T12:24:16: Auth setup initialized - basic session-based auth
2025-06-08T12:24:16: Payme Configuration:
2025-06-08T12:24:16: - Merchant ID: 682c005253a2e309cf048d70
2025-06-08T12:24:16: - Environment: Production
2025-06-08T12:24:16: ATMOS Service initialized for store: -1981
2025-06-08T12:24:16: ✅ ATMOS routes configured
2025-06-08T12:24:16: 12:24:16 PM [express] serving on port 5757
2025-06-08T12:24:16: Creating user_progress table via Supabase...
2025-06-08T12:24:16: ✅ user_progress table already exists and working!
2025-06-08T12:24:16: Supabase REST API connected successfully
2025-06-08T12:24:16: Error seeding database: Cannot read properties of null (reading 'select')
2025-06-08T12:32:13: Auth setup initialized - basic session-based auth
2025-06-08T12:32:13: Payme Configuration:
2025-06-08T12:32:13: - Merchant ID: 682c005253a2e309cf048d70
2025-06-08T12:32:13: - Environment: Production
2025-06-08T12:32:13: ATMOS Service initialized for store: -1981
2025-06-08T12:32:13: ✅ ATMOS routes configured
2025-06-08T12:32:13: 12:32:13 PM [express] serving on port 5757
2025-06-08T12:32:13: Creating user_progress table via Supabase...
2025-06-08T12:32:14: ✅ user_progress table already exists and working!
2025-06-08T12:32:14: Supabase REST API connected successfully
2025-06-08T12:32:14: Error seeding database: Cannot read properties of null (reading 'select')
2025-06-08T12:32:38: Auth setup initialized - basic session-based auth
2025-06-08T12:32:38: Payme Configuration:
2025-06-08T12:32:38: - Merchant ID: 682c005253a2e309cf048d70
2025-06-08T12:32:38: - Environment: Production
2025-06-08T12:32:38: ATMOS Service initialized for store: -1981
2025-06-08T12:32:38: ✅ ATMOS routes configured
2025-06-08T12:32:38: 12:32:38 PM [express] serving on port 5757
2025-06-08T12:32:38: Creating user_progress table via Supabase...
2025-06-08T12:32:39: ✅ user_progress table already exists and working!
2025-06-08T12:32:39: Supabase REST API connected successfully
2025-06-08T12:32:39: Error seeding database: Cannot read properties of null (reading 'select')
2025-06-08T12:38:09: Auth setup initialized - basic session-based auth
2025-06-08T12:38:09: Payme Configuration:
2025-06-08T12:38:09: - Merchant ID: 682c005253a2e309cf048d70
2025-06-08T12:38:09: - Environment: Production
2025-06-08T12:38:09: ATMOS Service initialized for store: -1981
2025-06-08T12:38:09: ✅ ATMOS routes configured
2025-06-08T12:38:09: 12:38:09 PM [express] serving on port 5757
2025-06-08T12:38:09: Creating user_progress table via Supabase...
2025-06-08T12:38:10: ✅ user_progress table already exists and working!
2025-06-08T12:38:10: Supabase REST API connected successfully
2025-06-08T12:38:10: Error seeding database: Cannot read properties of null (reading 'select')
2025-06-08T12:41:22: Auth setup initialized - basic session-based auth
2025-06-08T12:41:22: Payme Configuration:
2025-06-08T12:41:22: - Merchant ID: 682c005253a2e309cf048d70
2025-06-08T12:41:22: - Environment: Production
2025-06-08T12:41:22: ATMOS Service initialized for store: -1981
2025-06-08T12:41:22: ✅ ATMOS routes configured
2025-06-08T12:41:22: 12:41:22 PM [express] serving on port 5757
2025-06-08T12:41:22: Creating user_progress table via Supabase...
2025-06-08T12:41:23: ✅ user_progress table already exists and working!
2025-06-08T12:41:23: Supabase REST API connected successfully
2025-06-08T12:41:23: Error seeding database: Cannot read properties of null (reading 'select')
2025-06-08T12:45:23: Auth setup initialized - basic session-based auth
2025-06-08T12:45:23: Payme Configuration:
2025-06-08T12:45:23: - Merchant ID: 682c005253a2e309cf048d70
2025-06-08T12:45:23: - Environment: Production
2025-06-08T12:45:23: ATMOS Service initialized for store: -1981
2025-06-08T12:45:23: ✅ ATMOS routes configured
2025-06-08T12:45:23: 12:45:23 PM [express] serving on port 5757
2025-06-08T12:45:24: Creating user_progress table via Supabase...
2025-06-08T12:45:25: ✅ user_progress table already exists and working!
2025-06-08T12:45:25: Supabase REST API connected successfully
2025-06-08T12:45:25: Error seeding database: Cannot read properties of null (reading 'select')
2025-06-08T12:48:36: Auth setup initialized - basic session-based auth
2025-06-08T12:48:36: Payme Configuration:
2025-06-08T12:48:36: - Merchant ID: 682c005253a2e309cf048d70
2025-06-08T12:48:36: - Environment: Production
2025-06-08T12:48:36: ATMOS Service initialized for store: -1981
2025-06-08T12:48:36: ✅ ATMOS routes configured
2025-06-08T12:48:36: 12:48:36 PM [express] serving on port 5757
2025-06-08T12:48:37: Creating user_progress table via Supabase...
2025-06-08T12:48:37: ✅ user_progress table already exists and working!
2025-06-08T12:48:37: Supabase REST API connected successfully
2025-06-08T12:48:37: Error seeding database: Cannot read properties of null (reading 'select')
2025-06-08T12:54:21: Auth setup initialized - basic session-based auth
2025-06-08T12:54:21: Payme Configuration:
2025-06-08T12:54:21: - Merchant ID: 682c005253a2e309cf048d70
2025-06-08T12:54:21: - Environment: Production
2025-06-08T12:54:21: ATMOS Service initialized for store: -1981
2025-06-08T12:54:21: ✅ ATMOS routes configured
2025-06-08T12:54:21: 12:54:21 PM [express] serving on port 5757
2025-06-08T12:54:21: Creating user_progress table via Supabase...
2025-06-08T12:54:21: ✅ user_progress table already exists and working!
2025-06-08T12:54:21: Supabase REST API connected successfully
2025-06-08T12:54:21: Error seeding database: Cannot read properties of null (reading 'select')
2025-06-08T12:55:18: Auth setup initialized - basic session-based auth
2025-06-08T12:55:18: Payme Configuration:
2025-06-08T12:55:18: - Merchant ID: 682c005253a2e309cf048d70
2025-06-08T12:55:18: - Environment: Production
2025-06-08T12:55:18: ✅ ATMOS routes configured
2025-06-08T12:55:18: 12:55:18 PM [express] serving on port 5757
2025-06-08T12:55:18: Creating user_progress table via Supabase...
2025-06-08T12:55:19: ✅ user_progress table already exists and working!
2025-06-08T12:55:19: Supabase REST API connected successfully
2025-06-08T12:55:19: Error seeding database: Cannot read properties of null (reading 'select')
2025-06-08T12:55:46: Auth setup initialized - basic session-based auth
2025-06-08T12:55:46: Payme Configuration:
2025-06-08T12:55:46: - Merchant ID: 682c005253a2e309cf048d70
2025-06-08T12:55:46: - Environment: Production
2025-06-08T12:55:46: 12:55:46 PM [express] serving on port 5757
2025-06-08T12:55:47: Creating user_progress table via Supabase...
2025-06-08T12:55:47: ✅ user_progress table already exists and working!
2025-06-08T12:55:47: Supabase REST API connected successfully
2025-06-08T12:55:47: Error seeding database: Cannot read properties of null (reading 'select')
2025-06-08T12:56:27: 12:56:27 PM [express] GET /api/atmos/test-direct 200 in 6ms :: {"message":"Direct ATMOS route working…
2025-06-08T12:57:09: Auth setup initialized - basic session-based auth
2025-06-08T12:57:09: Payme Configuration:
2025-06-08T12:57:09: - Merchant ID: 682c005253a2e309cf048d70
2025-06-08T12:57:09: - Environment: Production
2025-06-08T12:57:09: ATMOS Service initialized for store: -1981
2025-06-08T12:57:09: ✅ ATMOS routes configured
2025-06-08T12:57:09: 12:57:09 PM [express] serving on port 5757
2025-06-08T12:57:09: Creating user_progress table via Supabase...
2025-06-08T12:57:10: ✅ user_progress table already exists and working!
2025-06-08T12:57:10: Supabase REST API connected successfully
2025-06-08T12:57:10: Error seeding database: Cannot read properties of null (reading 'select')
2025-06-08T12:57:31: Auth setup initialized - basic session-based auth
2025-06-08T12:57:31: Payme Configuration:
2025-06-08T12:57:31: - Merchant ID: 682c005253a2e309cf048d70
2025-06-08T12:57:31: - Environment: Production
2025-06-08T12:57:31: ATMOS Service initialized for store: -1981
2025-06-08T12:57:31: ✅ ATMOS routes configured
2025-06-08T12:57:31: 12:57:31 PM [express] serving on port 5757
2025-06-08T12:57:32: Creating user_progress table via Supabase...
2025-06-08T12:57:32: ✅ user_progress table already exists and working!
2025-06-08T12:57:32: Supabase REST API connected successfully
2025-06-08T12:57:32: Error seeding database: Cannot read properties of null (reading 'select')
2025-06-08T13:00:45: Auth setup initialized - basic session-based auth
2025-06-08T13:00:45: Payme Configuration:
2025-06-08T13:00:45: - Merchant ID: 682c005253a2e309cf048d70
2025-06-08T13:00:45: - Environment: Production
2025-06-08T13:00:45: ATMOS Service initialized for store: -1981
2025-06-08T13:00:45: ✅ ATMOS routes configured
2025-06-08T13:00:45: 1:00:45 PM [express] serving on port 5757
2025-06-08T13:00:45: Creating user_progress table via Supabase...
2025-06-08T13:00:46: ✅ user_progress table already exists and working!
2025-06-08T13:00:46: Supabase REST API connected successfully
2025-06-08T13:00:46: Error seeding database: Cannot read properties of null (reading 'select')
2025-06-08T13:34:21: ATMOS Service initialized for store: -1981
2025-06-08T13:34:32: 1:34:32 PM [express] GET /api/atmos/test 500 in 10521ms :: {"success":false,"message":"Failed to get…
2025-06-08T13:38:14: Auth setup initialized - basic session-based auth
2025-06-08T13:38:14: Payme Configuration:
2025-06-08T13:38:14: - Merchant ID: 682c005253a2e309cf048d70
2025-06-08T13:38:14: - Environment: Production
2025-06-08T13:38:14: ATMOS Service initialized for store: -1981
2025-06-08T13:38:14: ✅ ATMOS routes configured
2025-06-08T13:38:14: 1:38:14 PM [express] serving on port 5757
2025-06-08T13:38:15: Creating user_progress table via Supabase...
2025-06-08T13:38:15: ✅ user_progress table already exists and working!
2025-06-08T13:38:15: Supabase REST API connected successfully
2025-06-08T13:38:15: Error seeding database: Cannot read properties of null (reading 'select')
2025-06-08T13:48:56: ✅ ATMOS access token obtained
2025-06-08T13:48:56: 1:48:56 PM [express] GET /api/atmos/test 200 in 169ms :: {"success":true,"message":"ATMOS connection…
2025-06-08T13:52:21: Auth setup initialized - basic session-based auth
2025-06-08T13:52:21: Payme Configuration:
2025-06-08T13:52:21: - Merchant ID: 682c005253a2e309cf048d70
2025-06-08T13:52:21: - Environment: Production
2025-06-08T13:52:21: ATMOS Service initialized for store: -1981
2025-06-08T13:52:21: ✅ ATMOS routes configured
2025-06-08T13:52:21: 1:52:21 PM [express] serving on port 5757
2025-06-08T13:52:22: Creating user_progress table via Supabase...
2025-06-08T13:52:22: ✅ user_progress table already exists and working!
2025-06-08T13:52:22: Supabase REST API connected successfully
2025-06-08T13:52:22: Error seeding database: Cannot read properties of null (reading 'select')
2025-06-08T13:54:37: Auth setup initialized - basic session-based auth
2025-06-08T13:54:37: Payme Configuration:
2025-06-08T13:54:37: - Merchant ID: 682c005253a2e309cf048d70
2025-06-08T13:54:37: - Environment: Production
2025-06-08T13:54:37: ATMOS Service initialized for store: -1981
2025-06-08T13:54:37: ✅ ATMOS routes configured
2025-06-08T13:54:37: 1:54:37 PM [express] serving on port 5757
2025-06-08T13:54:38: Creating user_progress table via Supabase...
2025-06-08T13:54:38: ✅ user_progress table already exists and working!
2025-06-08T13:54:38: Supabase REST API connected successfully
2025-06-08T13:54:38: Error seeding database: Cannot read properties of null (reading 'select')
2025-06-08T13:55:48: Auth setup initialized - basic session-based auth
2025-06-08T13:55:48: Payme Configuration:
2025-06-08T13:55:48: - Merchant ID: 682c005253a2e309cf048d70
2025-06-08T13:55:48: - Environment: Production
2025-06-08T13:55:48: ATMOS Service initialized for store: -1981
2025-06-08T13:55:48: ✅ ATMOS routes configured
2025-06-08T13:55:48: 1:55:48 PM [express] serving on port 5757
2025-06-08T13:55:49: Creating user_progress table via Supabase...
2025-06-08T13:55:49: ✅ user_progress table already exists and working!
2025-06-08T13:55:49: Supabase REST API connected successfully
2025-06-08T13:55:49: Error seeding database: Cannot read properties of null (reading 'select')
2025-06-08T14:03:01: Auth setup initialized - basic session-based auth
2025-06-08T14:03:01: Payme Configuration:
2025-06-08T14:03:01: - Merchant ID: 682c005253a2e309cf048d70
2025-06-08T14:03:01: - Environment: Production
2025-06-08T14:03:01: ATMOS Service initialized for store: -1981
2025-06-08T14:03:01: ✅ ATMOS routes configured
2025-06-08T14:03:01: 2:03:01 PM [express] serving on port 5757
2025-06-08T14:03:02: Creating user_progress table via Supabase...
2025-06-08T14:03:02: ✅ user_progress table already exists and working!
2025-06-08T14:03:02: Supabase REST API connected successfully
2025-06-08T14:03:02: Error seeding database: Cannot read properties of null (reading 'select')
